....requesting url:https://api.bitfinex.com/v2/candles/trade:3h:tBTCUSD/hist?end=1522392622000.0&limit=8&sort=-1&start=1522303200000
/usr/local/lib/python3.5/dist-packages/pandas/core/indexing.py:194: SettingWithCopyWarning: 
A value is trying to be set on a copy of a slice from a DataFrame

See the caveats in the documentation: http://pandas.pydata.org/pandas-docs/stable/indexing.html#indexing-view-versus-copy
  self._setitem_with_indexer(indexer, value)
....requesting url:https://api.bitfinex.com/v2/candles/trade:15m:tBTCUSD/hist?end=1522392629000.0&limit=2&sort=-1&start=1522390500000
simulator.py:154: FutureWarning: pd.ewm_mean is deprecated for Series and will be removed in a future version, replace with 
	Series.ewm(adjust=True,span=3,min_periods=0,ignore_na=False).mean()
  statdata['ma']=pd.ewma(statdata['close'],span=int(pcttype[2:]))
simulator.py:228: FutureWarning: pd.ewm_mean is deprecated for Series and will be removed in a future version, replace with 
	Series.ewm(adjust=True,span=3,min_periods=0,ignore_na=False).mean()
  data['ma']=pd.ewma(data['close'],span=ma_units)
trading start at20180330 15:00:37
20180330 15:04:36止损/止盈处理.....
当前未开仓.....
更新历史数据....
....requesting url:https://api.bitfinex.com/v2/candles/trade:15m:tBTCUSD/hist?end=1522393536000.0&limit=1&sort=-1&start=1522392300000
simulator.py:283: FutureWarning: pd.ewm_mean is deprecated for Series and will be removed in a future version, replace with 
	Series.ewm(adjust=True,span=3,min_periods=0,ignore_na=False).mean()
  nkline['ma']=pd.ewma(nkline['close'],span=ma_units)
20180330 15:05:43计算最新趋势....
计算信号....
持仓不变....
20180330 15:11:36止损/止盈处理.....
当前未开仓.....
20180330 15:18:36止损/止盈处理.....
当前未开仓.....
更新历史数据....
....requesting url:https://api.bitfinex.com/v2/candles/trade:15m:tBTCUSD/hist?end=1522394436000.0&limit=1&sort=-1&start=1522393200000
20180330 15:20:43计算最新趋势....
计算信号....
持仓不变....
20180330 15:25:36止损/止盈处理.....
当前未开仓.....
20180330 15:32:36止损/止盈处理.....
当前未开仓.....
更新历史数据....
....requesting url:https://api.bitfinex.com/v2/candles/trade:15m:tBTCUSD/hist?end=1522395336000.0&limit=1&sort=-1&start=1522394100000
20180330 15:35:43计算最新趋势....
计算信号....
持仓不变....
20180330 15:39:36止损/止盈处理.....
当前未开仓.....
20180330 15:46:36止损/止盈处理.....
当前未开仓.....
更新历史数据....
....requesting url:https://api.bitfinex.com/v2/candles/trade:15m:tBTCUSD/hist?end=1522396236000.0&limit=1&sort=-1&start=1522395000000
20180330 15:50:43计算最新趋势....
计算信号....
持仓不变....
20180330 15:53:36止损/止盈处理.....
当前未开仓.....
20180330 16:00:36止损/止盈处理.....
当前未开仓.....
更新历史数据....
....requesting url:https://api.bitfinex.com/v2/candles/trade:15m:tBTCUSD/hist?end=1522397136000.0&limit=1&sort=-1&start=1522395900000
20180330 16:05:43计算最新趋势....
计算信号....
持仓不变....
20180330 16:07:36止损/止盈处理.....
当前未开仓.....
20180330 16:14:36止损/止盈处理.....
当前未开仓.....
更新历史数据....
....requesting url:https://api.bitfinex.com/v2/candles/trade:15m:tBTCUSD/hist?end=1522398036000.0&limit=1&sort=-1&start=1522396800000
20180330 16:20:43计算最新趋势....
计算信号....
持仓不变....
20180330 16:21:36止损/止盈处理.....
当前未开仓.....
20180330 16:28:36止损/止盈处理.....
当前未开仓.....
20180330 16:35:36止损/止盈处理.....
更新历史数据....
当前未开仓.....
....requesting url:https://api.bitfinex.com/v2/candles/trade:15m:tBTCUSD/hist?end=1522398936000.0&limit=1&sort=-1&start=1522397700000
20180330 16:35:43计算最新趋势....
计算信号....
持仓不变....
20180330 16:42:36止损/止盈处理.....
当前未开仓.....
20180330 16:49:36止损/止盈处理.....
当前未开仓.....
更新历史数据....
....requesting url:https://api.bitfinex.com/v2/candles/trade:15m:tBTCUSD/hist?end=1522399836000.0&limit=1&sort=-1&start=1522398600000
20180330 16:50:43计算最新趋势....
计算信号....
持仓不变....
20180330 16:56:36止损/止盈处理.....
当前未开仓.....
20180330 17:03:36止损/止盈处理.....
当前未开仓.....
更新历史数据....
....requesting url:https://api.bitfinex.com/v2/candles/trade:15m:tBTCUSD/hist?end=1522400736000.0&limit=1&sort=-1&start=1522399500000
20180330 17:05:43计算最新趋势....
计算信号....
持仓不变....
20180330 17:10:36止损/止盈处理.....
当前未开仓.....
20180330 17:17:36止损/止盈处理.....
当前未开仓.....
更新历史数据....
....requesting url:https://api.bitfinex.com/v2/candles/trade:15m:tBTCUSD/hist?end=1522401636000.0&limit=1&sort=-1&start=1522400400000
20180330 17:20:43计算最新趋势....
计算信号....
持仓不变....
20180330 17:24:36止损/止盈处理.....
当前未开仓.....
20180330 17:31:36止损/止盈处理.....
当前未开仓.....
更新历史数据....
....requesting url:https://api.bitfinex.com/v2/candles/trade:15m:tBTCUSD/hist?end=1522402536000.0&limit=1&sort=-1&start=1522401300000
20180330 17:35:43计算最新趋势....
计算信号....
持仓不变....
20180330 17:38:36止损/止盈处理.....
当前未开仓.....
20180330 17:45:36止损/止盈处理.....
当前未开仓.....
更新历史数据....
....requesting url:https://api.bitfinex.com/v2/candles/trade:15m:tBTCUSD/hist?end=1522403436000.0&limit=1&sort=-1&start=1522402200000
20180330 17:50:43计算最新趋势....
计算信号....
持仓不变....
20180330 17:52:36止损/止盈处理.....
当前未开仓.....
20180330 17:59:36止损/止盈处理.....
当前未开仓.....
更新历史数据....
....requesting url:https://api.bitfinex.com/v2/candles/trade:15m:tBTCUSD/hist?end=1522404336000.0&limit=1&sort=-1&start=1522403100000
20180330 18:05:43计算最新趋势....
计算信号....
当前信号clear进行交易操作.....
持仓不变....
20180330 18:06:36止损/止盈处理.....
当前未开仓.....
20180330 18:13:36止损/止盈处理.....
当前未开仓.....
20180330 18:20:36止损/止盈处理.....
更新历史数据....
当前未开仓.....
....requesting url:https://api.bitfinex.com/v2/candles/trade:15m:tBTCUSD/hist?end=1522405236000.0&limit=1&sort=-1&start=1522404000000
20180330 18:20:43计算最新趋势....
计算信号....
持仓不变....
20180330 18:27:36止损/止盈处理.....
当前未开仓.....
20180330 18:34:36止损/止盈处理.....
当前未开仓.....
更新历史数据....
....requesting url:https://api.bitfinex.com/v2/candles/trade:15m:tBTCUSD/hist?end=1522406136000.0&limit=1&sort=-1&start=1522404900000
20180330 18:35:43计算最新趋势....
计算信号....
持仓不变....
20180330 18:41:36止损/止盈处理.....
当前未开仓.....
20180330 18:48:36止损/止盈处理.....
当前未开仓.....
更新历史数据....
....requesting url:https://api.bitfinex.com/v2/candles/trade:15m:tBTCUSD/hist?end=1522407036000.0&limit=1&sort=-1&start=1522405800000
20180330 18:50:43计算最新趋势....
计算信号....
当前信号sell进行交易操作.....
....requesting url:https://api.bitfinex.com/v2/ticker/tBTCUSD
执行交易订单：
{'price': 6923.4, 'volume': 0.014443770401825694, 'position': -0.014443770401825694, 'time': datetime.datetime(2018, 3, 30, 6, 50, 43, 561933), 'note': None, 'side': 'sell'}
持仓不变....
20180330 18:55:36止损/止盈处理.....
....requesting url:https://api.bitfinex.com/v2/ticker/tBTCUSD
当前仓位为空仓，仓位均价=6923.4,当前ask价格=6936.9
20180330 19:02:36止损/止盈处理.....
....requesting url:https://api.bitfinex.com/v2/ticker/tBTCUSD
当前仓位为空仓，仓位均价=6923.4,当前ask价格=6940.3
更新历史数据....
....requesting url:https://api.bitfinex.com/v2/candles/trade:15m:tBTCUSD/hist?end=1522407936000.0&limit=1&sort=-1&start=1522406700000
20180330 19:05:43计算最新趋势....
计算信号....
持仓不变....
20180330 19:09:36止损/止盈处理.....
....requesting url:https://api.bitfinex.com/v2/ticker/tBTCUSD
当前仓位为空仓，仓位均价=6923.4,当前ask价格=6959.5
20180330 19:16:36止损/止盈处理.....
....requesting url:https://api.bitfinex.com/v2/ticker/tBTCUSD
当前仓位为空仓，仓位均价=6923.4,当前ask价格=6966.1
更新历史数据....
....requesting url:https://api.bitfinex.com/v2/candles/trade:15m:tBTCUSD/hist?end=1522408836000.0&limit=1&sort=-1&start=1522407600000
20180330 19:20:43计算最新趋势....
计算信号....
持仓不变....
20180330 19:23:36止损/止盈处理.....
....requesting url:https://api.bitfinex.com/v2/ticker/tBTCUSD
当前仓位为空仓，仓位均价=6923.4,当前ask价格=6975
20180330 19:30:36止损/止盈处理.....
....requesting url:https://api.bitfinex.com/v2/ticker/tBTCUSD
当前仓位为空仓，仓位均价=6923.4,当前ask价格=6954
更新历史数据....
....requesting url:https://api.bitfinex.com/v2/candles/trade:15m:tBTCUSD/hist?end=1522409736000.0&limit=1&sort=-1&start=1522408500000
20180330 19:35:43计算最新趋势....
计算信号....
持仓不变....
20180330 19:37:36止损/止盈处理.....
....requesting url:https://api.bitfinex.com/v2/ticker/tBTCUSD
当前仓位为空仓，仓位均价=6923.4,当前ask价格=6937.1
20180330 19:44:36止损/止盈处理.....
....requesting url:https://api.bitfinex.com/v2/ticker/tBTCUSD
当前仓位为空仓，仓位均价=6923.4,当前ask价格=6970
更新历史数据....
....requesting url:https://api.bitfinex.com/v2/candles/trade:15m:tBTCUSD/hist?end=1522410636000.0&limit=1&sort=-1&start=1522409400000
20180330 19:50:43计算最新趋势....
计算信号....
持仓不变....
20180330 19:51:36止损/止盈处理.....
....requesting url:https://api.bitfinex.com/v2/ticker/tBTCUSD
当前仓位为空仓，仓位均价=6923.4,当前ask价格=7034.9
20180330 19:58:36止损/止盈处理.....
....requesting url:https://api.bitfinex.com/v2/ticker/tBTCUSD
当前仓位为空仓，仓位均价=6923.4,当前ask价格=7010.9
20180330 20:05:36止损/止盈处理.....
....requesting url:https://api.bitfinex.com/v2/ticker/tBTCUSD
更新历史数据....
....requesting url:https://api.bitfinex.com/v2/candles/trade:15m:tBTCUSD/hist?end=1522411536000.0&limit=1&sort=-1&start=1522410300000
当前仓位为空仓，仓位均价=6923.4,当前ask价格=6941.7
20180330 20:05:43计算最新趋势....
计算信号....
持仓不变....
20180330 20:12:36止损/止盈处理.....
....requesting url:https://api.bitfinex.com/v2/ticker/tBTCUSD
当前仓位为空仓，仓位均价=6923.4,当前ask价格=6950.1
20180330 20:19:36止损/止盈处理.....
....requesting url:https://api.bitfinex.com/v2/ticker/tBTCUSD
当前仓位为空仓，仓位均价=6923.4,当前ask价格=6950.1
更新历史数据....
....requesting url:https://api.bitfinex.com/v2/candles/trade:15m:tBTCUSD/hist?end=1522412436000.0&limit=1&sort=-1&start=1522411200000
20180330 20:20:43计算最新趋势....
计算信号....
持仓不变....
20180330 20:26:36止损/止盈处理.....
....requesting url:https://api.bitfinex.com/v2/ticker/tBTCUSD
当前仓位为空仓，仓位均价=6923.4,当前ask价格=7015.9
20180330 20:33:36止损/止盈处理.....
....requesting url:https://api.bitfinex.com/v2/ticker/tBTCUSD
当前仓位为空仓，仓位均价=6923.4,当前ask价格=7020.3
更新历史数据....
....requesting url:https://api.bitfinex.com/v2/candles/trade:15m:tBTCUSD/hist?end=1522413336000.0&limit=1&sort=-1&start=1522412100000
20180330 20:35:43计算最新趋势....
计算信号....
持仓不变....
20180330 20:40:36止损/止盈处理.....
....requesting url:https://api.bitfinex.com/v2/ticker/tBTCUSD
当前仓位为空仓，仓位均价=6923.4,当前ask价格=7022.1
20180330 20:47:36止损/止盈处理.....
....requesting url:https://api.bitfinex.com/v2/ticker/tBTCUSD
当前仓位为空仓，仓位均价=6923.4,当前ask价格=6962
更新历史数据....
....requesting url:https://api.bitfinex.com/v2/candles/trade:15m:tBTCUSD/hist?end=1522414236000.0&limit=1&sort=-1&start=1522413000000
20180330 20:50:43计算最新趋势....
计算信号....
持仓不变....
20180330 20:54:36止损/止盈处理.....
....requesting url:https://api.bitfinex.com/v2/ticker/tBTCUSD
当前仓位为空仓，仓位均价=6923.4,当前ask价格=6985.9
20180330 21:01:36止损/止盈处理.....
....requesting url:https://api.bitfinex.com/v2/ticker/tBTCUSD
当前仓位为空仓，仓位均价=6923.4,当前ask价格=7025.9
更新历史数据....
....requesting url:https://api.bitfinex.com/v2/candles/trade:15m:tBTCUSD/hist?end=1522415136000.0&limit=1&sort=-1&start=1522413900000
20180330 21:05:43计算最新趋势....
计算信号....
持仓不变....
20180330 21:08:36止损/止盈处理.....
....requesting url:https://api.bitfinex.com/v2/ticker/tBTCUSD
当前仓位为空仓，仓位均价=6923.4,当前ask价格=7023.3
20180330 21:15:36止损/止盈处理.....
....requesting url:https://api.bitfinex.com/v2/ticker/tBTCUSD
当前仓位为空仓，仓位均价=6923.4,当前ask价格=6970
更新历史数据....
....requesting url:https://api.bitfinex.com/v2/candles/trade:15m:tBTCUSD/hist?end=1522416036000.0&limit=1&sort=-1&start=1522414800000
20180330 21:20:43计算最新趋势....
计算信号....
持仓不变....
20180330 21:22:36止损/止盈处理.....
....requesting url:https://api.bitfinex.com/v2/ticker/tBTCUSD
当前仓位为空仓，仓位均价=6923.4,当前ask价格=6975.1
20180330 21:29:36止损/止盈处理.....
....requesting url:https://api.bitfinex.com/v2/ticker/tBTCUSD
当前仓位为空仓，仓位均价=6923.4,当前ask价格=6932
更新历史数据....
....requesting url:https://api.bitfinex.com/v2/candles/trade:15m:tBTCUSD/hist?end=1522416936000.0&limit=1&sort=-1&start=1522415700000
20180330 21:35:43计算最新趋势....
计算信号....
持仓不变....
20180330 21:36:36止损/止盈处理.....
....requesting url:https://api.bitfinex.com/v2/ticker/tBTCUSD
当前仓位为空仓，仓位均价=6923.4,当前ask价格=6831.2
20180330 21:43:36止损/止盈处理.....
....requesting url:https://api.bitfinex.com/v2/ticker/tBTCUSD
当前仓位为空仓，仓位均价=6923.4,当前ask价格=6889
20180330 21:50:36止损/止盈处理.....
更新历史数据....
....requesting url:https://api.bitfinex.com/v2/ticker/tBTCUSD
....requesting url:https://api.bitfinex.com/v2/candles/trade:15m:tBTCUSD/hist?end=1522417836000.0&limit=1&sort=-1&start=1522416600000
当前仓位为空仓，仓位均价=6923.4,当前ask价格=6877.5
20180330 21:50:43计算最新趋势....
计算信号....
持仓不变....
20180330 21:57:36止损/止盈处理.....
....requesting url:https://api.bitfinex.com/v2/ticker/tBTCUSD
当前仓位为空仓，仓位均价=6923.4,当前ask价格=6891.2
20180330 22:04:36止损/止盈处理.....
....requesting url:https://api.bitfinex.com/v2/ticker/tBTCUSD
当前仓位为空仓，仓位均价=6923.4,当前ask价格=6879.1
更新历史数据....
....requesting url:https://api.bitfinex.com/v2/candles/trade:15m:tBTCUSD/hist?end=1522418736000.0&limit=1&sort=-1&start=1522417500000
20180330 22:05:43计算最新趋势....
计算信号....
持仓不变....
20180330 22:11:36止损/止盈处理.....
....requesting url:https://api.bitfinex.com/v2/ticker/tBTCUSD
当前仓位为空仓，仓位均价=6923.4,当前ask价格=6894.1
20180330 22:18:36止损/止盈处理.....
....requesting url:https://api.bitfinex.com/v2/ticker/tBTCUSD
当前仓位为空仓，仓位均价=6923.4,当前ask价格=6868.1
更新历史数据....
....requesting url:https://api.bitfinex.com/v2/candles/trade:15m:tBTCUSD/hist?end=1522419636000.0&limit=1&sort=-1&start=1522418400000
20180330 22:20:43计算最新趋势....
计算信号....
持仓不变....
20180330 22:25:36止损/止盈处理.....
....requesting url:https://api.bitfinex.com/v2/ticker/tBTCUSD
当前仓位为空仓，仓位均价=6923.4,当前ask价格=6909.8
20180330 22:32:36止损/止盈处理.....
....requesting url:https://api.bitfinex.com/v2/ticker/tBTCUSD
当前仓位为空仓，仓位均价=6923.4,当前ask价格=6876.1
更新历史数据....
....requesting url:https://api.bitfinex.com/v2/candles/trade:15m:tBTCUSD/hist?end=1522420536000.0&limit=1&sort=-1&start=1522419300000
20180330 22:35:43计算最新趋势....
计算信号....
持仓不变....
20180330 22:39:36止损/止盈处理.....
....requesting url:https://api.bitfinex.com/v2/ticker/tBTCUSD
当前仓位为空仓，仓位均价=6923.4,当前ask价格=6887
20180330 22:46:36止损/止盈处理.....
....requesting url:https://api.bitfinex.com/v2/ticker/tBTCUSD
temporary disconnection,retrying...
....requesting url:https://api.bitfinex.com/v2/ticker/tBTCUSD
当前仓位为空仓，仓位均价=6923.4,当前ask价格=6840.1
更新历史数据....
....requesting url:https://api.bitfinex.com/v2/candles/trade:15m:tBTCUSD/hist?end=1522421436000.0&limit=1&sort=-1&start=1522420200000
20180330 22:50:43计算最新趋势....
计算信号....
持仓不变....
20180330 22:53:36止损/止盈处理.....
....requesting url:https://api.bitfinex.com/v2/ticker/tBTCUSD
当前仓位为空仓，仓位均价=6923.4,当前ask价格=6863.7
20180330 23:00:36止损/止盈处理.....
....requesting url:https://api.bitfinex.com/v2/ticker/tBTCUSD
当前仓位为空仓，仓位均价=6923.4,当前ask价格=6820.1
更新历史数据....
....requesting url:https://api.bitfinex.com/v2/candles/trade:15m:tBTCUSD/hist?end=1522422336000.0&limit=1&sort=-1&start=1522421100000
20180330 23:05:43计算最新趋势....
计算信号....
持仓不变....
20180330 23:07:36止损/止盈处理.....
....requesting url:https://api.bitfinex.com/v2/ticker/tBTCUSD
当前仓位为空仓，仓位均价=6923.4,当前ask价格=6798.7
20180330 23:14:36止损/止盈处理.....
....requesting url:https://api.bitfinex.com/v2/ticker/tBTCUSD
当前仓位为空仓，仓位均价=6923.4,当前ask价格=6699.7
更新历史数据....
....requesting url:https://api.bitfinex.com/v2/candles/trade:15m:tBTCUSD/hist?end=1522423236000.0&limit=1&sort=-1&start=1522422000000
20180330 23:20:43计算最新趋势....
计算信号....
持仓不变....
20180330 23:21:36止损/止盈处理.....
....requesting url:https://api.bitfinex.com/v2/ticker/tBTCUSD
当前仓位为空仓，仓位均价=6923.4,当前ask价格=6749
20180330 23:28:36止损/止盈处理.....
....requesting url:https://api.bitfinex.com/v2/ticker/tBTCUSD
当前仓位为空仓，仓位均价=6923.4,当前ask价格=6663.7
20180330 23:35:36止损/止盈处理.....
更新历史数据....
....requesting url:https://api.bitfinex.com/v2/ticker/tBTCUSD
....requesting url:https://api.bitfinex.com/v2/candles/trade:15m:tBTCUSD/hist?end=1522424136000.0&limit=1&sort=-1&start=1522422900000
当前仓位为空仓，仓位均价=6923.4,当前ask价格=6699.9
20180330 23:35:43计算最新趋势....
计算信号....
持仓不变....
20180330 23:42:36止损/止盈处理.....
....requesting url:https://api.bitfinex.com/v2/ticker/tBTCUSD
当前仓位为空仓，仓位均价=6923.4,当前ask价格=6749.4
20180330 23:49:36止损/止盈处理.....
....requesting url:https://api.bitfinex.com/v2/ticker/tBTCUSD
当前仓位为空仓，仓位均价=6923.4,当前ask价格=6709.2
更新历史数据....
....requesting url:https://api.bitfinex.com/v2/candles/trade:15m:tBTCUSD/hist?end=1522425036000.0&limit=1&sort=-1&start=1522423800000
20180330 23:50:43计算最新趋势....
计算信号....
持仓不变....
20180330 23:56:36止损/止盈处理.....
....requesting url:https://api.bitfinex.com/v2/ticker/tBTCUSD
当前仓位为空仓，仓位均价=6923.4,当前ask价格=6744.6
20180331 00:03:36止损/止盈处理.....
....requesting url:https://api.bitfinex.com/v2/ticker/tBTCUSD
当前仓位为空仓，仓位均价=6923.4,当前ask价格=6782.2
更新历史数据....
....requesting url:https://api.bitfinex.com/v2/candles/trade:15m:tBTCUSD/hist?end=1522425936000.0&limit=1&sort=-1&start=1522424700000
20180331 00:05:43计算最新趋势....
计算信号....
持仓不变....
20180331 00:10:36止损/止盈处理.....
....requesting url:https://api.bitfinex.com/v2/ticker/tBTCUSD
当前仓位为空仓，仓位均价=6923.4,当前ask价格=6736
20180331 00:17:36止损/止盈处理.....
....requesting url:https://api.bitfinex.com/v2/ticker/tBTCUSD
当前仓位为空仓，仓位均价=6923.4,当前ask价格=6718.6
更新历史数据....
....requesting url:https://api.bitfinex.com/v2/candles/trade:15m:tBTCUSD/hist?end=1522426836000.0&limit=1&sort=-1&start=1522425600000
20180331 00:20:43计算最新趋势....
计算信号....
持仓不变....
20180331 00:24:36止损/止盈处理.....
....requesting url:https://api.bitfinex.com/v2/ticker/tBTCUSD
当前仓位为空仓，仓位均价=6923.4,当前ask价格=6700
20180331 00:31:36止损/止盈处理.....
....requesting url:https://api.bitfinex.com/v2/ticker/tBTCUSD
当前仓位为空仓，仓位均价=6923.4,当前ask价格=6877
更新历史数据....
....requesting url:https://api.bitfinex.com/v2/candles/trade:15m:tBTCUSD/hist?end=1522427736000.0&limit=1&sort=-1&start=1522426500000
20180331 00:35:43计算最新趋势....
计算信号....
持仓不变....
20180331 00:38:36止损/止盈处理.....
....requesting url:https://api.bitfinex.com/v2/ticker/tBTCUSD
当前仓位为空仓，仓位均价=6923.4,当前ask价格=6731.8
20180331 00:45:36止损/止盈处理.....
....requesting url:https://api.bitfinex.com/v2/ticker/tBTCUSD
当前仓位为空仓，仓位均价=6923.4,当前ask价格=6701.7
更新历史数据....
....requesting url:https://api.bitfinex.com/v2/candles/trade:15m:tBTCUSD/hist?end=1522428636000.0&limit=1&sort=-1&start=1522427400000
20180331 00:50:43计算最新趋势....
计算信号....
持仓不变....
20180331 00:52:36止损/止盈处理.....
....requesting url:https://api.bitfinex.com/v2/ticker/tBTCUSD
当前仓位为空仓，仓位均价=6923.4,当前ask价格=6576.8
20180331 00:59:36止损/止盈处理.....
....requesting url:https://api.bitfinex.com/v2/ticker/tBTCUSD
当前仓位为空仓，仓位均价=6923.4,当前ask价格=6678.9
更新历史数据....
....requesting url:https://api.bitfinex.com/v2/candles/trade:15m:tBTCUSD/hist?end=1522429536000.0&limit=1&sort=-1&start=1522428300000
20180331 01:05:43计算最新趋势....
计算信号....
持仓不变....
20180331 01:06:36止损/止盈处理.....
....requesting url:https://api.bitfinex.com/v2/ticker/tBTCUSD
当前仓位为空仓，仓位均价=6923.4,当前ask价格=6691.8
20180331 01:13:36止损/止盈处理.....
....requesting url:https://api.bitfinex.com/v2/ticker/tBTCUSD
当前仓位为空仓，仓位均价=6923.4,当前ask价格=6648.9
20180331 01:20:36止损/止盈处理.....
更新历史数据....
....requesting url:https://api.bitfinex.com/v2/ticker/tBTCUSD
....requesting url:https://api.bitfinex.com/v2/candles/trade:15m:tBTCUSD/hist?end=1522430436000.0&limit=1&sort=-1&start=1522429200000
当前仓位为空仓，仓位均价=6923.4,当前ask价格=6618.8
20180331 01:20:43计算最新趋势....
计算信号....
持仓不变....
20180331 01:27:36止损/止盈处理.....
....requesting url:https://api.bitfinex.com/v2/ticker/tBTCUSD
当前仓位为空仓，仓位均价=6923.4,当前ask价格=6619.9
20180331 01:34:36止损/止盈处理.....
....requesting url:https://api.bitfinex.com/v2/ticker/tBTCUSD
当前仓位为空仓，仓位均价=6923.4,当前ask价格=6650
更新历史数据....
....requesting url:https://api.bitfinex.com/v2/candles/trade:15m:tBTCUSD/hist?end=1522431336000.0&limit=1&sort=-1&start=1522430100000
20180331 01:35:43计算最新趋势....
计算信号....
持仓不变....
20180331 01:41:36止损/止盈处理.....
....requesting url:https://api.bitfinex.com/v2/ticker/tBTCUSD
当前仓位为空仓，仓位均价=6923.4,当前ask价格=6683.1
20180331 01:48:36止损/止盈处理.....
....requesting url:https://api.bitfinex.com/v2/ticker/tBTCUSD
当前仓位为空仓，仓位均价=6923.4,当前ask价格=6649.4
更新历史数据....
....requesting url:https://api.bitfinex.com/v2/candles/trade:15m:tBTCUSD/hist?end=1522432236000.0&limit=1&sort=-1&start=1522431000000
20180331 01:50:43计算最新趋势....
计算信号....
持仓不变....
20180331 01:55:36止损/止盈处理.....
....requesting url:https://api.bitfinex.com/v2/ticker/tBTCUSD
当前仓位为空仓，仓位均价=6923.4,当前ask价格=6710
20180331 02:02:36止损/止盈处理.....
....requesting url:https://api.bitfinex.com/v2/ticker/tBTCUSD
当前仓位为空仓，仓位均价=6923.4,当前ask价格=6705.2
更新历史数据....
....requesting url:https://api.bitfinex.com/v2/candles/trade:15m:tBTCUSD/hist?end=1522433136000.0&limit=1&sort=-1&start=1522431900000
20180331 02:05:43计算最新趋势....
计算信号....
持仓不变....
20180331 02:09:36止损/止盈处理.....
....requesting url:https://api.bitfinex.com/v2/ticker/tBTCUSD
当前仓位为空仓，仓位均价=6923.4,当前ask价格=6709
20180331 02:16:36止损/止盈处理.....
....requesting url:https://api.bitfinex.com/v2/ticker/tBTCUSD
当前仓位为空仓，仓位均价=6923.4,当前ask价格=6719.7
更新历史数据....
....requesting url:https://api.bitfinex.com/v2/candles/trade:15m:tBTCUSD/hist?end=1522434036000.0&limit=1&sort=-1&start=1522432800000
20180331 02:20:43计算最新趋势....
计算信号....
当前信号clear进行交易操作.....
....requesting url:https://api.bitfinex.com/v2/ticker/tBTCUSD
执行交易订单：
{'price': 6684, 'volume': -0.014443770401825694, 'position': -0.028887540803651388, 'time': datetime.datetime(2018, 3, 30, 14, 20, 43, 539911), 'note': 'clear', 'side': 'buy'}
持仓不变....
20180331 02:23:36止损/止盈处理.....
....requesting url:https://api.bitfinex.com/v2/ticker/tBTCUSD
当前仓位为空仓，仓位均价=6803.7,当前ask价格=6672.6
20180331 02:30:36止损/止盈处理.....
....requesting url:https://api.bitfinex.com/v2/ticker/tBTCUSD
当前仓位为空仓，仓位均价=6803.7,当前ask价格=6676.8
更新历史数据....
....requesting url:https://api.bitfinex.com/v2/candles/trade:15m:tBTCUSD/hist?end=1522434936000.0&limit=1&sort=-1&start=1522433700000
20180331 02:35:43计算最新趋势....
计算信号....
当前信号buy进行交易操作.....
....requesting url:https://api.bitfinex.com/v2/ticker/tBTCUSD
执行交易订单：
{'price': 6720.2, 'volume': -0.028887540803651388, 'position': -0.057775081607302776, 'time': datetime.datetime(2018, 3, 30, 14, 35, 43, 655205), 'note': 'clear', 'side': 'buy'}
....requesting url:https://api.bitfinex.com/v2/ticker/tBTCUSD
执行交易订单：
{'price': 6720.2, 'volume': 0.014880509508645577, 'position': -0.0428945720986572, 'time': datetime.datetime(2018, 3, 30, 14, 35, 43, 934181), 'note': None, 'side': 'buy'}
持仓不变....
20180331 02:37:36止损/止盈处理.....
....requesting url:https://api.bitfinex.com/v2/ticker/tBTCUSD
当前仓位为空仓，仓位均价=6776.433447242626,当前ask价格=6695.1
20180331 02:44:36止损/止盈处理.....
....requesting url:https://api.bitfinex.com/v2/ticker/tBTCUSD
当前仓位为空仓，仓位均价=6776.433447242626,当前ask价格=6693.4
更新历史数据....
....requesting url:https://api.bitfinex.com/v2/candles/trade:15m:tBTCUSD/hist?end=1522435836000.0&limit=1&sort=-1&start=1522434600000
20180331 02:50:43计算最新趋势....
计算信号....
持仓不变....
20180331 02:51:36止损/止盈处理.....
....requesting url:https://api.bitfinex.com/v2/ticker/tBTCUSD
当前仓位为空仓，仓位均价=6776.433447242626,当前ask价格=6723.7
20180331 02:58:36止损/止盈处理.....
....requesting url:https://api.bitfinex.com/v2/ticker/tBTCUSD
当前仓位为空仓，仓位均价=6776.433447242626,当前ask价格=6724.5
20180331 03:05:36止损/止盈处理.....
....requesting url:https://api.bitfinex.com/v2/ticker/tBTCUSD
更新历史数据....
....requesting url:https://api.bitfinex.com/v2/candles/trade:15m:tBTCUSD/hist?end=1522436736000.0&limit=1&sort=-1&start=1522435500000
当前仓位为空仓，仓位均价=6776.433447242626,当前ask价格=6784.9
20180331 03:05:43计算最新趋势....
计算信号....
持仓不变....
20180331 03:12:36止损/止盈处理.....
....requesting url:https://api.bitfinex.com/v2/ticker/tBTCUSD
当前仓位为空仓，仓位均价=6776.433447242626,当前ask价格=6759.9
20180331 03:19:36止损/止盈处理.....
....requesting url:https://api.bitfinex.com/v2/ticker/tBTCUSD
当前仓位为空仓，仓位均价=6776.433447242626,当前ask价格=6743
更新历史数据....
....requesting url:https://api.bitfinex.com/v2/candles/trade:15m:tBTCUSD/hist?end=1522437636000.0&limit=1&sort=-1&start=1522436400000
20180331 03:20:43计算最新趋势....
计算信号....
持仓不变....
20180331 03:26:36止损/止盈处理.....
....requesting url:https://api.bitfinex.com/v2/ticker/tBTCUSD
当前仓位为空仓，仓位均价=6776.433447242626,当前ask价格=6742.8
20180331 03:33:36止损/止盈处理.....
....requesting url:https://api.bitfinex.com/v2/ticker/tBTCUSD
当前仓位为空仓，仓位均价=6776.433447242626,当前ask价格=6801.1
更新历史数据....
....requesting url:https://api.bitfinex.com/v2/candles/trade:15m:tBTCUSD/hist?end=1522438536000.0&limit=1&sort=-1&start=1522437300000
20180331 03:35:43计算最新趋势....
计算信号....
持仓不变....
20180331 03:40:36止损/止盈处理.....
....requesting url:https://api.bitfinex.com/v2/ticker/tBTCUSD
当前仓位为空仓，仓位均价=6776.433447242626,当前ask价格=6837
20180331 03:47:36止损/止盈处理.....
....requesting url:https://api.bitfinex.com/v2/ticker/tBTCUSD
当前仓位为空仓，仓位均价=6776.433447242626,当前ask价格=6836.1
更新历史数据....
....requesting url:https://api.bitfinex.com/v2/candles/trade:15m:tBTCUSD/hist?end=1522439436000.0&limit=1&sort=-1&start=1522438200000
20180331 03:50:43计算最新趋势....
计算信号....
持仓不变....
20180331 03:54:36止损/止盈处理.....
....requesting url:https://api.bitfinex.com/v2/ticker/tBTCUSD
当前仓位为空仓，仓位均价=6776.433447242626,当前ask价格=6802.1
20180331 04:01:36止损/止盈处理.....
....requesting url:https://api.bitfinex.com/v2/ticker/tBTCUSD
当前仓位为空仓，仓位均价=6776.433447242626,当前ask价格=6779.7
更新历史数据....
....requesting url:https://api.bitfinex.com/v2/candles/trade:15m:tBTCUSD/hist?end=1522440336000.0&limit=1&sort=-1&start=1522439100000
20180331 04:05:43计算最新趋势....
计算信号....
持仓不变....
20180331 04:08:36止损/止盈处理.....
....requesting url:https://api.bitfinex.com/v2/ticker/tBTCUSD
当前仓位为空仓，仓位均价=6776.433447242626,当前ask价格=6780
20180331 04:15:36止损/止盈处理.....
....requesting url:https://api.bitfinex.com/v2/ticker/tBTCUSD
当前仓位为空仓，仓位均价=6776.433447242626,当前ask价格=6814.3
更新历史数据....
....requesting url:https://api.bitfinex.com/v2/candles/trade:15m:tBTCUSD/hist?end=1522441236000.0&limit=1&sort=-1&start=1522440000000
20180331 04:20:43计算最新趋势....
计算信号....
持仓不变....
20180331 04:22:36止损/止盈处理.....
....requesting url:https://api.bitfinex.com/v2/ticker/tBTCUSD
当前仓位为空仓，仓位均价=6776.433447242626,当前ask价格=6781.9
20180331 04:29:36止损/止盈处理.....
....requesting url:https://api.bitfinex.com/v2/ticker/tBTCUSD
当前仓位为空仓，仓位均价=6776.433447242626,当前ask价格=6761.7
更新历史数据....
....requesting url:https://api.bitfinex.com/v2/candles/trade:15m:tBTCUSD/hist?end=1522442136000.0&limit=1&sort=-1&start=1522440900000
20180331 04:35:43计算最新趋势....
计算信号....
持仓不变....
20180331 04:36:36止损/止盈处理.....
....requesting url:https://api.bitfinex.com/v2/ticker/tBTCUSD
当前仓位为空仓，仓位均价=6776.433447242626,当前ask价格=6779.3
20180331 04:43:36止损/止盈处理.....
....requesting url:https://api.bitfinex.com/v2/ticker/tBTCUSD
当前仓位为空仓，仓位均价=6776.433447242626,当前ask价格=6837.8
20180331 04:50:36止损/止盈处理.....
更新历史数据....
....requesting url:https://api.bitfinex.com/v2/ticker/tBTCUSD
....requesting url:https://api.bitfinex.com/v2/candles/trade:15m:tBTCUSD/hist?end=1522443036000.0&limit=1&sort=-1&start=1522441800000
当前仓位为空仓，仓位均价=6776.433447242626,当前ask价格=6860.5
20180331 04:50:43计算最新趋势....
计算信号....
持仓不变....
20180331 04:57:36止损/止盈处理.....
....requesting url:https://api.bitfinex.com/v2/ticker/tBTCUSD
当前仓位为空仓，仓位均价=6776.433447242626,当前ask价格=6856.5
20180331 05:04:36止损/止盈处理.....
....requesting url:https://api.bitfinex.com/v2/ticker/tBTCUSD
当前仓位为空仓，仓位均价=6776.433447242626,当前ask价格=6843.6
更新历史数据....
....requesting url:https://api.bitfinex.com/v2/candles/trade:15m:tBTCUSD/hist?end=1522443936000.0&limit=1&sort=-1&start=1522442700000
20180331 05:05:43计算最新趋势....
计算信号....
持仓不变....
20180331 05:11:36止损/止盈处理.....
....requesting url:https://api.bitfinex.com/v2/ticker/tBTCUSD
当前仓位为空仓，仓位均价=6776.433447242626,当前ask价格=6833.6
20180331 05:18:36止损/止盈处理.....
....requesting url:https://api.bitfinex.com/v2/ticker/tBTCUSD
当前仓位为空仓，仓位均价=6776.433447242626,当前ask价格=6886.1
更新历史数据....
....requesting url:https://api.bitfinex.com/v2/candles/trade:15m:tBTCUSD/hist?end=1522444836000.0&limit=1&sort=-1&start=1522443600000
20180331 05:20:43计算最新趋势....
计算信号....
持仓不变....
20180331 05:25:36止损/止盈处理.....
....requesting url:https://api.bitfinex.com/v2/ticker/tBTCUSD
当前仓位为空仓，仓位均价=6776.433447242626,当前ask价格=6869.7
20180331 05:32:36止损/止盈处理.....
....requesting url:https://api.bitfinex.com/v2/ticker/tBTCUSD
当前仓位为空仓，仓位均价=6776.433447242626,当前ask价格=6908.9
更新历史数据....
....requesting url:https://api.bitfinex.com/v2/candles/trade:15m:tBTCUSD/hist?end=1522445736000.0&limit=1&sort=-1&start=1522444500000
20180331 05:35:43计算最新趋势....
计算信号....
持仓不变....
20180331 05:39:36止损/止盈处理.....
....requesting url:https://api.bitfinex.com/v2/ticker/tBTCUSD
当前仓位为空仓，仓位均价=6776.433447242626,当前ask价格=6884.5
20180331 05:46:36止损/止盈处理.....
....requesting url:https://api.bitfinex.com/v2/ticker/tBTCUSD
当前仓位为空仓，仓位均价=6776.433447242626,当前ask价格=6899.9
更新历史数据....
....requesting url:https://api.bitfinex.com/v2/candles/trade:15m:tBTCUSD/hist?end=1522446636000.0&limit=1&sort=-1&start=1522445400000
20180331 05:50:43计算最新趋势....
计算信号....
持仓不变....
20180331 05:53:36止损/止盈处理.....
....requesting url:https://api.bitfinex.com/v2/ticker/tBTCUSD
当前仓位为空仓，仓位均价=6776.433447242626,当前ask价格=6900
20180331 06:00:36止损/止盈处理.....
....requesting url:https://api.bitfinex.com/v2/ticker/tBTCUSD
当前仓位为空仓，仓位均价=6776.433447242626,当前ask价格=6905.3
更新历史数据....
....requesting url:https://api.bitfinex.com/v2/candles/trade:15m:tBTCUSD/hist?end=1522447536000.0&limit=1&sort=-1&start=1522446300000
20180331 06:05:43计算最新趋势....
计算信号....
持仓不变....
20180331 06:07:36止损/止盈处理.....
....requesting url:https://api.bitfinex.com/v2/ticker/tBTCUSD
当前仓位为空仓，仓位均价=6776.433447242626,当前ask价格=6882.3
20180331 06:14:36止损/止盈处理.....
....requesting url:https://api.bitfinex.com/v2/ticker/tBTCUSD
当前仓位为空仓，仓位均价=6776.433447242626,当前ask价格=6856.8
更新历史数据....
....requesting url:https://api.bitfinex.com/v2/candles/trade:15m:tBTCUSD/hist?end=1522448436000.0&limit=1&sort=-1&start=1522447200000
20180331 06:20:43计算最新趋势....
计算信号....
持仓不变....
20180331 06:21:36止损/止盈处理.....
....requesting url:https://api.bitfinex.com/v2/ticker/tBTCUSD
当前仓位为空仓，仓位均价=6776.433447242626,当前ask价格=6881.2
20180331 06:28:36止损/止盈处理.....
....requesting url:https://api.bitfinex.com/v2/ticker/tBTCUSD
当前仓位为空仓，仓位均价=6776.433447242626,当前ask价格=6861.4
20180331 06:35:36止损/止盈处理.....
更新历史数据....
....requesting url:https://api.bitfinex.com/v2/ticker/tBTCUSD
....requesting url:https://api.bitfinex.com/v2/candles/trade:15m:tBTCUSD/hist?end=1522449336000.0&limit=1&sort=-1&start=1522448100000
当前仓位为空仓，仓位均价=6776.433447242626,当前ask价格=6764
20180331 06:35:43计算最新趋势....
计算信号....
持仓不变....
20180331 06:42:36止损/止盈处理.....
....requesting url:https://api.bitfinex.com/v2/ticker/tBTCUSD
当前仓位为空仓，仓位均价=6776.433447242626,当前ask价格=6781.5
20180331 06:49:36止损/止盈处理.....
....requesting url:https://api.bitfinex.com/v2/ticker/tBTCUSD
当前仓位为空仓，仓位均价=6776.433447242626,当前ask价格=6770
更新历史数据....
....requesting url:https://api.bitfinex.com/v2/candles/trade:15m:tBTCUSD/hist?end=1522450236000.0&limit=1&sort=-1&start=1522449000000
20180331 06:50:44计算最新趋势....
计算信号....
持仓不变....
20180331 06:56:36止损/止盈处理.....
....requesting url:https://api.bitfinex.com/v2/ticker/tBTCUSD
当前仓位为空仓，仓位均价=6776.433447242626,当前ask价格=6779.3
20180331 07:03:36止损/止盈处理.....
....requesting url:https://api.bitfinex.com/v2/ticker/tBTCUSD
当前仓位为空仓，仓位均价=6776.433447242626,当前ask价格=6818.5
更新历史数据....
....requesting url:https://api.bitfinex.com/v2/candles/trade:15m:tBTCUSD/hist?end=1522451136000.0&limit=1&sort=-1&start=1522449900000
20180331 07:05:43计算最新趋势....
计算信号....
持仓不变....
20180331 07:10:36止损/止盈处理.....
....requesting url:https://api.bitfinex.com/v2/ticker/tBTCUSD
当前仓位为空仓，仓位均价=6776.433447242626,当前ask价格=6777.7
20180331 07:17:36止损/止盈处理.....
....requesting url:https://api.bitfinex.com/v2/ticker/tBTCUSD
当前仓位为空仓，仓位均价=6776.433447242626,当前ask价格=6814.3
更新历史数据....
....requesting url:https://api.bitfinex.com/v2/candles/trade:15m:tBTCUSD/hist?end=1522452036000.0&limit=1&sort=-1&start=1522450800000
20180331 07:20:43计算最新趋势....
计算信号....
持仓不变....
20180331 07:24:36止损/止盈处理.....
....requesting url:https://api.bitfinex.com/v2/ticker/tBTCUSD
当前仓位为空仓，仓位均价=6776.433447242626,当前ask价格=6808
20180331 07:31:36止损/止盈处理.....
....requesting url:https://api.bitfinex.com/v2/ticker/tBTCUSD
当前仓位为空仓，仓位均价=6776.433447242626,当前ask价格=6833.1
更新历史数据....
....requesting url:https://api.bitfinex.com/v2/candles/trade:15m:tBTCUSD/hist?end=1522452936000.0&limit=1&sort=-1&start=1522451700000
20180331 07:35:43计算最新趋势....
计算信号....
持仓不变....
20180331 07:38:36止损/止盈处理.....
....requesting url:https://api.bitfinex.com/v2/ticker/tBTCUSD
当前仓位为空仓，仓位均价=6776.433447242626,当前ask价格=6849
20180331 07:45:36止损/止盈处理.....
....requesting url:https://api.bitfinex.com/v2/ticker/tBTCUSD
当前仓位为空仓，仓位均价=6776.433447242626,当前ask价格=6871.1
更新历史数据....
....requesting url:https://api.bitfinex.com/v2/candles/trade:15m:tBTCUSD/hist?end=1522453836000.0&limit=1&sort=-1&start=1522452600000
20180331 07:50:43计算最新趋势....
计算信号....
持仓不变....
20180331 07:52:36止损/止盈处理.....
....requesting url:https://api.bitfinex.com/v2/ticker/tBTCUSD
当前仓位为空仓，仓位均价=6776.433447242626,当前ask价格=6847.9
20180331 07:59:36止损/止盈处理.....
....requesting url:https://api.bitfinex.com/v2/ticker/tBTCUSD
当前仓位为空仓，仓位均价=6776.433447242626,当前ask价格=6840.5
更新历史数据....
....requesting url:https://api.bitfinex.com/v2/candles/trade:15m:tBTCUSD/hist?end=1522454736000.0&limit=1&sort=-1&start=1522453500000
20180331 08:05:43计算最新趋势....
计算信号....
持仓不变....
20180331 08:06:36止损/止盈处理.....
....requesting url:https://api.bitfinex.com/v2/ticker/tBTCUSD
当前仓位为空仓，仓位均价=6776.433447242626,当前ask价格=6892.1
20180331 08:13:36止损/止盈处理.....
....requesting url:https://api.bitfinex.com/v2/ticker/tBTCUSD
当前仓位为空仓，仓位均价=6776.433447242626,当前ask价格=6954.1
20180331 08:20:36止损/止盈处理.....
....requesting url:https://api.bitfinex.com/v2/ticker/tBTCUSD
更新历史数据....
....requesting url:https://api.bitfinex.com/v2/candles/trade:15m:tBTCUSD/hist?end=1522455636000.0&limit=1&sort=-1&start=1522454400000
当前仓位为空仓，仓位均价=6776.433447242626,当前ask价格=7000.6
触发止损线=0.03
....requesting url:https://api.bitfinex.com/v2/ticker/tBTCUSD
temporary disconnection,retrying...
执行交易订单：
{'price': 7000.6, 'volume': -0.0428945720986572, 'position': -0.0857891441973144, 'time': datetime.datetime(2018, 3, 30, 20, 20, 37, 88378), 'note': 'stopwin', 'side': 'buy'}
....requesting url:https://api.bitfinex.com/v2/candles/trade:15m:tBTCUSD/hist?end=1522455636000.0&limit=1&sort=-1&start=1522454400000
20180331 08:20:48计算最新趋势....
计算信号....
持仓不变....
20180331 08:27:36止损/止盈处理.....
....requesting url:https://api.bitfinex.com/v2/ticker/tBTCUSD
当前仓位为空仓，仓位均价=6888.516723621314,当前ask价格=6978.3
20180331 08:34:36止损/止盈处理.....
....requesting url:https://api.bitfinex.com/v2/ticker/tBTCUSD
当前仓位为空仓，仓位均价=6888.516723621314,当前ask价格=6968.7
更新历史数据....
....requesting url:https://api.bitfinex.com/v2/candles/trade:15m:tBTCUSD/hist?end=1522456536000.0&limit=1&sort=-1&start=1522455300000
20180331 08:35:43计算最新趋势....
计算信号....
持仓不变....
20180331 08:41:36止损/止盈处理.....
....requesting url:https://api.bitfinex.com/v2/ticker/tBTCUSD
当前仓位为空仓，仓位均价=6888.516723621314,当前ask价格=6985.9
20180331 08:48:36止损/止盈处理.....
....requesting url:https://api.bitfinex.com/v2/ticker/tBTCUSD
当前仓位为空仓，仓位均价=6888.516723621314,当前ask价格=7030.1
更新历史数据....
....requesting url:https://api.bitfinex.com/v2/candles/trade:15m:tBTCUSD/hist?end=1522457436000.0&limit=1&sort=-1&start=1522456200000
20180331 08:50:43计算最新趋势....
计算信号....
持仓不变....
20180331 08:55:36止损/止盈处理.....
....requesting url:https://api.bitfinex.com/v2/ticker/tBTCUSD
当前仓位为空仓，仓位均价=6888.516723621314,当前ask价格=6980
20180331 09:02:36止损/止盈处理.....
....requesting url:https://api.bitfinex.com/v2/ticker/tBTCUSD
当前仓位为空仓，仓位均价=6888.516723621314,当前ask价格=6980
更新历史数据....
....requesting url:https://api.bitfinex.com/v2/candles/trade:15m:tBTCUSD/hist?end=1522458336000.0&limit=1&sort=-1&start=1522457100000
20180331 09:05:43计算最新趋势....
计算信号....
持仓不变....
20180331 09:09:36止损/止盈处理.....
....requesting url:https://api.bitfinex.com/v2/ticker/tBTCUSD
当前仓位为空仓，仓位均价=6888.516723621314,当前ask价格=6952.5
20180331 09:16:36止损/止盈处理.....
....requesting url:https://api.bitfinex.com/v2/ticker/tBTCUSD
当前仓位为空仓，仓位均价=6888.516723621314,当前ask价格=6978.7
更新历史数据....
....requesting url:https://api.bitfinex.com/v2/candles/trade:15m:tBTCUSD/hist?end=1522459236000.0&limit=1&sort=-1&start=1522458000000
20180331 09:20:43计算最新趋势....
计算信号....
持仓不变....
20180331 09:23:36止损/止盈处理.....
....requesting url:https://api.bitfinex.com/v2/ticker/tBTCUSD
当前仓位为空仓，仓位均价=6888.516723621314,当前ask价格=7004.2
20180331 09:30:36止损/止盈处理.....
....requesting url:https://api.bitfinex.com/v2/ticker/tBTCUSD
当前仓位为空仓，仓位均价=6888.516723621314,当前ask价格=7055.9
更新历史数据....
....requesting url:https://api.bitfinex.com/v2/candles/trade:15m:tBTCUSD/hist?end=1522460136000.0&limit=1&sort=-1&start=1522458900000
20180331 09:35:43计算最新趋势....
计算信号....
持仓不变....
20180331 09:37:36止损/止盈处理.....
....requesting url:https://api.bitfinex.com/v2/ticker/tBTCUSD
当前仓位为空仓，仓位均价=6888.516723621314,当前ask价格=7025.4
20180331 09:44:36止损/止盈处理.....
....requesting url:https://api.bitfinex.com/v2/ticker/tBTCUSD
当前仓位为空仓，仓位均价=6888.516723621314,当前ask价格=7029.9
更新历史数据....
....requesting url:https://api.bitfinex.com/v2/candles/trade:15m:tBTCUSD/hist?end=1522461036000.0&limit=1&sort=-1&start=1522459800000
20180331 09:50:44计算最新趋势....
计算信号....
持仓不变....
20180331 09:51:36止损/止盈处理.....
....requesting url:https://api.bitfinex.com/v2/ticker/tBTCUSD
当前仓位为空仓，仓位均价=6888.516723621314,当前ask价格=7038.7
20180331 09:58:36止损/止盈处理.....
....requesting url:https://api.bitfinex.com/v2/ticker/tBTCUSD
当前仓位为空仓，仓位均价=6888.516723621314,当前ask价格=7068.1
20180331 10:05:36止损/止盈处理.....
....requesting url:https://api.bitfinex.com/v2/ticker/tBTCUSD
更新历史数据....
....requesting url:https://api.bitfinex.com/v2/candles/trade:15m:tBTCUSD/hist?end=1522461936000.0&limit=1&sort=-1&start=1522460700000
当前仓位为空仓，仓位均价=6888.516723621314,当前ask价格=7066.8
20180331 10:05:43计算最新趋势....
计算信号....
持仓不变....
20180331 10:12:36止损/止盈处理.....
....requesting url:https://api.bitfinex.com/v2/ticker/tBTCUSD
当前仓位为空仓，仓位均价=6888.516723621314,当前ask价格=7069.6
20180331 10:19:36止损/止盈处理.....
....requesting url:https://api.bitfinex.com/v2/ticker/tBTCUSD
当前仓位为空仓，仓位均价=6888.516723621314,当前ask价格=7035.5
更新历史数据....
....requesting url:https://api.bitfinex.com/v2/candles/trade:15m:tBTCUSD/hist?end=1522462836000.0&limit=1&sort=-1&start=1522461600000
20180331 10:20:43计算最新趋势....
计算信号....
持仓不变....
20180331 10:26:36止损/止盈处理.....
....requesting url:https://api.bitfinex.com/v2/ticker/tBTCUSD
当前仓位为空仓，仓位均价=6888.516723621314,当前ask价格=6999.5
20180331 10:33:36止损/止盈处理.....
....requesting url:https://api.bitfinex.com/v2/ticker/tBTCUSD
当前仓位为空仓，仓位均价=6888.516723621314,当前ask价格=7030.1
更新历史数据....
....requesting url:https://api.bitfinex.com/v2/candles/trade:15m:tBTCUSD/hist?end=1522463736000.0&limit=1&sort=-1&start=1522462500000
20180331 10:35:43计算最新趋势....
计算信号....
持仓不变....
20180331 10:40:36止损/止盈处理.....
....requesting url:https://api.bitfinex.com/v2/ticker/tBTCUSD
当前仓位为空仓，仓位均价=6888.516723621314,当前ask价格=7025
20180331 10:47:36止损/止盈处理.....
....requesting url:https://api.bitfinex.com/v2/ticker/tBTCUSD
当前仓位为空仓，仓位均价=6888.516723621314,当前ask价格=7025.5
更新历史数据....
....requesting url:https://api.bitfinex.com/v2/candles/trade:15m:tBTCUSD/hist?end=1522464636000.0&limit=1&sort=-1&start=1522463400000
20180331 10:50:43计算最新趋势....
计算信号....
持仓不变....
20180331 10:54:36止损/止盈处理.....
....requesting url:https://api.bitfinex.com/v2/ticker/tBTCUSD
当前仓位为空仓，仓位均价=6888.516723621314,当前ask价格=7050.1
20180331 11:01:36止损/止盈处理.....
....requesting url:https://api.bitfinex.com/v2/ticker/tBTCUSD
当前仓位为空仓，仓位均价=6888.516723621314,当前ask价格=7032.3
更新历史数据....
....requesting url:https://api.bitfinex.com/v2/candles/trade:15m:tBTCUSD/hist?end=1522465536000.0&limit=1&sort=-1&start=1522464300000
20180331 11:05:43计算最新趋势....
计算信号....
持仓不变....
20180331 11:08:36止损/止盈处理.....
....requesting url:https://api.bitfinex.com/v2/ticker/tBTCUSD
当前仓位为空仓，仓位均价=6888.516723621314,当前ask价格=6994.1
20180331 11:15:36止损/止盈处理.....
....requesting url:https://api.bitfinex.com/v2/ticker/tBTCUSD
当前仓位为空仓，仓位均价=6888.516723621314,当前ask价格=6999.9
更新历史数据....
....requesting url:https://api.bitfinex.com/v2/candles/trade:15m:tBTCUSD/hist?end=1522466436000.0&limit=1&sort=-1&start=1522465200000
20180331 11:20:43计算最新趋势....
计算信号....
持仓不变....
20180331 11:22:36止损/止盈处理.....
....requesting url:https://api.bitfinex.com/v2/ticker/tBTCUSD
当前仓位为空仓，仓位均价=6888.516723621314,当前ask价格=7014.3
20180331 11:29:36止损/止盈处理.....
....requesting url:https://api.bitfinex.com/v2/ticker/tBTCUSD
当前仓位为空仓，仓位均价=6888.516723621314,当前ask价格=7019
更新历史数据....
....requesting url:https://api.bitfinex.com/v2/candles/trade:15m:tBTCUSD/hist?end=1522467336000.0&limit=1&sort=-1&start=1522466100000
20180331 11:35:43计算最新趋势....
计算信号....
持仓不变....
20180331 11:36:36止损/止盈处理.....
....requesting url:https://api.bitfinex.com/v2/ticker/tBTCUSD
当前仓位为空仓，仓位均价=6888.516723621314,当前ask价格=7033.8
20180331 11:43:36止损/止盈处理.....
....requesting url:https://api.bitfinex.com/v2/ticker/tBTCUSD
当前仓位为空仓，仓位均价=6888.516723621314,当前ask价格=7028.6
20180331 11:50:36止损/止盈处理.....
....requesting url:https://api.bitfinex.com/v2/ticker/tBTCUSD
更新历史数据....
....requesting url:https://api.bitfinex.com/v2/candles/trade:15m:tBTCUSD/hist?end=1522468236000.0&limit=1&sort=-1&start=1522467000000
当前仓位为空仓，仓位均价=6888.516723621314,当前ask价格=6979.7
20180331 11:50:43计算最新趋势....
计算信号....
持仓不变....
20180331 11:57:36止损/止盈处理.....
....requesting url:https://api.bitfinex.com/v2/ticker/tBTCUSD
当前仓位为空仓，仓位均价=6888.516723621314,当前ask价格=6981.8
20180331 12:04:36止损/止盈处理.....
....requesting url:https://api.bitfinex.com/v2/ticker/tBTCUSD
当前仓位为空仓，仓位均价=6888.516723621314,当前ask价格=6991.7
更新历史数据....
....requesting url:https://api.bitfinex.com/v2/candles/trade:15m:tBTCUSD/hist?end=1522469136000.0&limit=1&sort=-1&start=1522467900000
20180331 12:05:43计算最新趋势....
计算信号....
持仓不变....
20180331 12:11:36止损/止盈处理.....
....requesting url:https://api.bitfinex.com/v2/ticker/tBTCUSD
当前仓位为空仓，仓位均价=6888.516723621314,当前ask价格=7019
20180331 12:18:36止损/止盈处理.....
....requesting url:https://api.bitfinex.com/v2/ticker/tBTCUSD
当前仓位为空仓，仓位均价=6888.516723621314,当前ask价格=7010.6
更新历史数据....
....requesting url:https://api.bitfinex.com/v2/candles/trade:15m:tBTCUSD/hist?end=1522470036000.0&limit=1&sort=-1&start=1522468800000
20180331 12:20:43计算最新趋势....
计算信号....
持仓不变....
20180331 12:25:36止损/止盈处理.....
....requesting url:https://api.bitfinex.com/v2/ticker/tBTCUSD
当前仓位为空仓，仓位均价=6888.516723621314,当前ask价格=7009.5
20180331 12:32:36止损/止盈处理.....
....requesting url:https://api.bitfinex.com/v2/ticker/tBTCUSD
当前仓位为空仓，仓位均价=6888.516723621314,当前ask价格=7043.8
更新历史数据....
....requesting url:https://api.bitfinex.com/v2/candles/trade:15m:tBTCUSD/hist?end=1522470936000.0&limit=1&sort=-1&start=1522469700000
20180331 12:35:43计算最新趋势....
计算信号....
持仓不变....
20180331 12:39:36止损/止盈处理.....
....requesting url:https://api.bitfinex.com/v2/ticker/tBTCUSD
当前仓位为空仓，仓位均价=6888.516723621314,当前ask价格=7040.8
20180331 12:46:36止损/止盈处理.....
....requesting url:https://api.bitfinex.com/v2/ticker/tBTCUSD
当前仓位为空仓，仓位均价=6888.516723621314,当前ask价格=7046.1
更新历史数据....
....requesting url:https://api.bitfinex.com/v2/candles/trade:15m:tBTCUSD/hist?end=1522471836000.0&limit=1&sort=-1&start=1522470600000
20180331 12:50:43计算最新趋势....
计算信号....
持仓不变....
20180331 12:53:36止损/止盈处理.....
....requesting url:https://api.bitfinex.com/v2/ticker/tBTCUSD
当前仓位为空仓，仓位均价=6888.516723621314,当前ask价格=7025
20180331 13:00:36止损/止盈处理.....
....requesting url:https://api.bitfinex.com/v2/ticker/tBTCUSD
当前仓位为空仓，仓位均价=6888.516723621314,当前ask价格=7016
更新历史数据....
....requesting url:https://api.bitfinex.com/v2/candles/trade:15m:tBTCUSD/hist?end=1522472736000.0&limit=1&sort=-1&start=1522471500000
20180331 13:05:43计算最新趋势....
计算信号....
持仓不变....
20180331 13:07:36止损/止盈处理.....
....requesting url:https://api.bitfinex.com/v2/ticker/tBTCUSD
当前仓位为空仓，仓位均价=6888.516723621314,当前ask价格=6983.5
20180331 13:14:36止损/止盈处理.....
....requesting url:https://api.bitfinex.com/v2/ticker/tBTCUSD
当前仓位为空仓，仓位均价=6888.516723621314,当前ask价格=7000
更新历史数据....
....requesting url:https://api.bitfinex.com/v2/candles/trade:15m:tBTCUSD/hist?end=1522473636000.0&limit=1&sort=-1&start=1522472400000
20180331 13:20:43计算最新趋势....
计算信号....
当前信号sell进行交易操作.....
....requesting url:https://api.bitfinex.com/v2/ticker/tBTCUSD
执行交易订单：
{'price': 6985, 'volume': 0.014316392269148175, 'position': -0.10010553646646257, 'time': datetime.datetime(2018, 3, 31, 1, 20, 43, 542789), 'note': None, 'side': 'sell'}
持仓不变....
20180331 13:21:36止损/止盈处理.....
....requesting url:https://api.bitfinex.com/v2/ticker/tBTCUSD
当前仓位为空仓，仓位均价=6902.315085638111,当前ask价格=6987
20180331 13:28:36止损/止盈处理.....
....requesting url:https://api.bitfinex.com/v2/ticker/tBTCUSD
当前仓位为空仓，仓位均价=6902.315085638111,当前ask价格=6967
20180331 13:35:36止损/止盈处理.....
....requesting url:https://api.bitfinex.com/v2/ticker/tBTCUSD
更新历史数据....
....requesting url:https://api.bitfinex.com/v2/candles/trade:15m:tBTCUSD/hist?end=1522474536000.0&limit=1&sort=-1&start=1522473300000
当前仓位为空仓，仓位均价=6902.315085638111,当前ask价格=6921.1
20180331 13:35:43计算最新趋势....
计算信号....
持仓不变....
20180331 13:42:36止损/止盈处理.....
....requesting url:https://api.bitfinex.com/v2/ticker/tBTCUSD
当前仓位为空仓，仓位均价=6902.315085638111,当前ask价格=6928
20180331 13:49:36止损/止盈处理.....
....requesting url:https://api.bitfinex.com/v2/ticker/tBTCUSD
当前仓位为空仓，仓位均价=6902.315085638111,当前ask价格=6905.3
更新历史数据....
....requesting url:https://api.bitfinex.com/v2/candles/trade:15m:tBTCUSD/hist?end=1522475436000.0&limit=1&sort=-1&start=1522474200000
20180331 13:50:43计算最新趋势....
计算信号....
持仓不变....
20180331 13:56:36止损/止盈处理.....
....requesting url:https://api.bitfinex.com/v2/ticker/tBTCUSD
当前仓位为空仓，仓位均价=6902.315085638111,当前ask价格=6887.9
20180331 14:03:36止损/止盈处理.....
....requesting url:https://api.bitfinex.com/v2/ticker/tBTCUSD
当前仓位为空仓，仓位均价=6902.315085638111,当前ask价格=6899
更新历史数据....
....requesting url:https://api.bitfinex.com/v2/candles/trade:15m:tBTCUSD/hist?end=1522476336000.0&limit=1&sort=-1&start=1522475100000
20180331 14:05:43计算最新趋势....
计算信号....
持仓不变....
20180331 14:10:36止损/止盈处理.....
....requesting url:https://api.bitfinex.com/v2/ticker/tBTCUSD
当前仓位为空仓，仓位均价=6902.315085638111,当前ask价格=6875.2
20180331 14:17:36止损/止盈处理.....
....requesting url:https://api.bitfinex.com/v2/ticker/tBTCUSD
当前仓位为空仓，仓位均价=6902.315085638111,当前ask价格=6876.5
更新历史数据....
....requesting url:https://api.bitfinex.com/v2/candles/trade:15m:tBTCUSD/hist?end=1522477236000.0&limit=1&sort=-1&start=1522476000000
20180331 14:20:43计算最新趋势....
计算信号....
持仓不变....
20180331 14:24:36止损/止盈处理.....
....requesting url:https://api.bitfinex.com/v2/ticker/tBTCUSD
当前仓位为空仓，仓位均价=6902.315085638111,当前ask价格=6908.1
20180331 14:31:36止损/止盈处理.....
....requesting url:https://api.bitfinex.com/v2/ticker/tBTCUSD
当前仓位为空仓，仓位均价=6902.315085638111,当前ask价格=6896.3
更新历史数据....
....requesting url:https://api.bitfinex.com/v2/candles/trade:15m:tBTCUSD/hist?end=1522478136000.0&limit=1&sort=-1&start=1522476900000
20180331 14:35:43计算最新趋势....
计算信号....
持仓不变....
20180331 14:38:36止损/止盈处理.....
....requesting url:https://api.bitfinex.com/v2/ticker/tBTCUSD
当前仓位为空仓，仓位均价=6902.315085638111,当前ask价格=6887.9
20180331 14:45:36止损/止盈处理.....
....requesting url:https://api.bitfinex.com/v2/ticker/tBTCUSD
当前仓位为空仓，仓位均价=6902.315085638111,当前ask价格=6886.5
更新历史数据....
....requesting url:https://api.bitfinex.com/v2/candles/trade:15m:tBTCUSD/hist?end=1522479036000.0&limit=1&sort=-1&start=1522477800000
20180331 14:50:43计算最新趋势....
计算信号....
持仓不变....
20180331 14:52:36止损/止盈处理.....
....requesting url:https://api.bitfinex.com/v2/ticker/tBTCUSD
当前仓位为空仓，仓位均价=6902.315085638111,当前ask价格=6811.8
20180331 14:59:36止损/止盈处理.....
....requesting url:https://api.bitfinex.com/v2/ticker/tBTCUSD
当前仓位为空仓，仓位均价=6902.315085638111,当前ask价格=6812.7
更新历史数据....
....requesting url:https://api.bitfinex.com/v2/candles/trade:15m:tBTCUSD/hist?end=1522479936000.0&limit=1&sort=-1&start=1522478700000
20180331 15:05:43计算最新趋势....
计算信号....
持仓不变....
20180331 15:06:36止损/止盈处理.....
....requesting url:https://api.bitfinex.com/v2/ticker/tBTCUSD
当前仓位为空仓，仓位均价=6902.315085638111,当前ask价格=6821.6
20180331 15:13:36止损/止盈处理.....
....requesting url:https://api.bitfinex.com/v2/ticker/tBTCUSD
当前仓位为空仓，仓位均价=6902.315085638111,当前ask价格=6827
20180331 15:20:36止损/止盈处理.....
更新历史数据....
....requesting url:https://api.bitfinex.com/v2/ticker/tBTCUSD
....requesting url:https://api.bitfinex.com/v2/candles/trade:15m:tBTCUSD/hist?end=1522480836000.0&limit=1&sort=-1&start=1522479600000
当前仓位为空仓，仓位均价=6902.315085638111,当前ask价格=6819.8
20180331 15:20:43计算最新趋势....
计算信号....
持仓不变....
20180331 15:27:36止损/止盈处理.....
....requesting url:https://api.bitfinex.com/v2/ticker/tBTCUSD
当前仓位为空仓，仓位均价=6902.315085638111,当前ask价格=6801.2
20180331 15:34:36止损/止盈处理.....
....requesting url:https://api.bitfinex.com/v2/ticker/tBTCUSD
当前仓位为空仓，仓位均价=6902.315085638111,当前ask价格=6830.4
更新历史数据....
....requesting url:https://api.bitfinex.com/v2/candles/trade:15m:tBTCUSD/hist?end=1522481736000.0&limit=1&sort=-1&start=1522480500000
20180331 15:35:43计算最新趋势....
计算信号....
持仓不变....
20180331 15:41:36止损/止盈处理.....
....requesting url:https://api.bitfinex.com/v2/ticker/tBTCUSD
当前仓位为空仓，仓位均价=6902.315085638111,当前ask价格=6834.9
20180331 15:48:36止损/止盈处理.....
....requesting url:https://api.bitfinex.com/v2/ticker/tBTCUSD
当前仓位为空仓，仓位均价=6902.315085638111,当前ask价格=6835.5
更新历史数据....
....requesting url:https://api.bitfinex.com/v2/candles/trade:15m:tBTCUSD/hist?end=1522482636000.0&limit=1&sort=-1&start=1522481400000
20180331 15:50:43计算最新趋势....
计算信号....
持仓不变....
20180331 15:55:36止损/止盈处理.....
....requesting url:https://api.bitfinex.com/v2/ticker/tBTCUSD
当前仓位为空仓，仓位均价=6902.315085638111,当前ask价格=6811.9
20180331 16:02:36止损/止盈处理.....
....requesting url:https://api.bitfinex.com/v2/ticker/tBTCUSD
当前仓位为空仓，仓位均价=6902.315085638111,当前ask价格=6820.5
更新历史数据....
....requesting url:https://api.bitfinex.com/v2/candles/trade:15m:tBTCUSD/hist?end=1522483536000.0&limit=1&sort=-1&start=1522482300000
20180331 16:05:43计算最新趋势....
计算信号....
持仓不变....
20180331 16:09:36止损/止盈处理.....
....requesting url:https://api.bitfinex.com/v2/ticker/tBTCUSD
当前仓位为空仓，仓位均价=6902.315085638111,当前ask价格=6834.2
20180331 16:16:36止损/止盈处理.....
....requesting url:https://api.bitfinex.com/v2/ticker/tBTCUSD
当前仓位为空仓，仓位均价=6902.315085638111,当前ask价格=6835.9
更新历史数据....
....requesting url:https://api.bitfinex.com/v2/candles/trade:15m:tBTCUSD/hist?end=1522484436000.0&limit=1&sort=-1&start=1522483200000
20180331 16:20:43计算最新趋势....
计算信号....
持仓不变....
20180331 16:23:36止损/止盈处理.....
....requesting url:https://api.bitfinex.com/v2/ticker/tBTCUSD
当前仓位为空仓，仓位均价=6902.315085638111,当前ask价格=6917.9
20180331 16:30:36止损/止盈处理.....
....requesting url:https://api.bitfinex.com/v2/ticker/tBTCUSD
当前仓位为空仓，仓位均价=6902.315085638111,当前ask价格=6936.4
更新历史数据....
....requesting url:https://api.bitfinex.com/v2/candles/trade:15m:tBTCUSD/hist?end=1522485336000.0&limit=1&sort=-1&start=1522484100000
20180331 16:35:43计算最新趋势....
计算信号....
持仓不变....
20180331 16:37:36止损/止盈处理.....
....requesting url:https://api.bitfinex.com/v2/ticker/tBTCUSD
当前仓位为空仓，仓位均价=6902.315085638111,当前ask价格=6897.4
20180331 16:44:36止损/止盈处理.....
....requesting url:https://api.bitfinex.com/v2/ticker/tBTCUSD
当前仓位为空仓，仓位均价=6902.315085638111,当前ask价格=6920.2
更新历史数据....
....requesting url:https://api.bitfinex.com/v2/candles/trade:15m:tBTCUSD/hist?end=1522486236000.0&limit=1&sort=-1&start=1522485000000
20180331 16:50:43计算最新趋势....
计算信号....
持仓不变....
20180331 16:51:36止损/止盈处理.....
....requesting url:https://api.bitfinex.com/v2/ticker/tBTCUSD
当前仓位为空仓，仓位均价=6902.315085638111,当前ask价格=6915.2
20180331 16:58:36止损/止盈处理.....
....requesting url:https://api.bitfinex.com/v2/ticker/tBTCUSD
当前仓位为空仓，仓位均价=6902.315085638111,当前ask价格=6894.2
20180331 17:05:36止损/止盈处理.....
....requesting url:https://api.bitfinex.com/v2/ticker/tBTCUSD
更新历史数据....
....requesting url:https://api.bitfinex.com/v2/candles/trade:15m:tBTCUSD/hist?end=1522487136000.0&limit=1&sort=-1&start=1522485900000
当前仓位为空仓，仓位均价=6902.315085638111,当前ask价格=6888
20180331 17:05:43计算最新趋势....
计算信号....
持仓不变....
20180331 17:12:36止损/止盈处理.....
....requesting url:https://api.bitfinex.com/v2/ticker/tBTCUSD
当前仓位为空仓，仓位均价=6902.315085638111,当前ask价格=6913
20180331 17:19:36止损/止盈处理.....
....requesting url:https://api.bitfinex.com/v2/ticker/tBTCUSD
当前仓位为空仓，仓位均价=6902.315085638111,当前ask价格=6894.1
更新历史数据....
....requesting url:https://api.bitfinex.com/v2/candles/trade:15m:tBTCUSD/hist?end=1522488036000.0&limit=1&sort=-1&start=1522486800000
20180331 17:20:43计算最新趋势....
计算信号....
持仓不变....
20180331 17:26:36止损/止盈处理.....
....requesting url:https://api.bitfinex.com/v2/ticker/tBTCUSD
当前仓位为空仓，仓位均价=6902.315085638111,当前ask价格=6884.9
20180331 17:33:36止损/止盈处理.....
....requesting url:https://api.bitfinex.com/v2/ticker/tBTCUSD
当前仓位为空仓，仓位均价=6902.315085638111,当前ask价格=6905.2
更新历史数据....
....requesting url:https://api.bitfinex.com/v2/candles/trade:15m:tBTCUSD/hist?end=1522488936000.0&limit=1&sort=-1&start=1522487700000
20180331 17:35:43计算最新趋势....
计算信号....
持仓不变....
20180331 17:40:36止损/止盈处理.....
....requesting url:https://api.bitfinex.com/v2/ticker/tBTCUSD
temporary disconnection,retrying...
....requesting url:https://api.bitfinex.com/v2/ticker/tBTCUSD
当前仓位为空仓，仓位均价=6902.315085638111,当前ask价格=6977
20180331 17:47:36止损/止盈处理.....
....requesting url:https://api.bitfinex.com/v2/ticker/tBTCUSD
当前仓位为空仓，仓位均价=6902.315085638111,当前ask价格=6951.6
更新历史数据....
....requesting url:https://api.bitfinex.com/v2/candles/trade:15m:tBTCUSD/hist?end=1522489836000.0&limit=1&sort=-1&start=1522488600000
20180331 17:50:43计算最新趋势....
计算信号....
持仓不变....
20180331 17:54:36止损/止盈处理.....
....requesting url:https://api.bitfinex.com/v2/ticker/tBTCUSD
当前仓位为空仓，仓位均价=6902.315085638111,当前ask价格=6995.1
20180331 18:01:36止损/止盈处理.....
....requesting url:https://api.bitfinex.com/v2/ticker/tBTCUSD
当前仓位为空仓，仓位均价=6902.315085638111,当前ask价格=7023.8
更新历史数据....
....requesting url:https://api.bitfinex.com/v2/candles/trade:15m:tBTCUSD/hist?end=1522490736000.0&limit=1&sort=-1&start=1522489500000
20180331 18:05:43计算最新趋势....
计算信号....
持仓不变....
20180331 18:08:36止损/止盈处理.....
....requesting url:https://api.bitfinex.com/v2/ticker/tBTCUSD
当前仓位为空仓，仓位均价=6902.315085638111,当前ask价格=7001.5
20180331 18:15:36止损/止盈处理.....
....requesting url:https://api.bitfinex.com/v2/ticker/tBTCUSD
当前仓位为空仓，仓位均价=6902.315085638111,当前ask价格=6970
更新历史数据....
....requesting url:https://api.bitfinex.com/v2/candles/trade:15m:tBTCUSD/hist?end=1522491636000.0&limit=1&sort=-1&start=1522490400000
20180331 18:20:43计算最新趋势....
计算信号....
当前信号clear进行交易操作.....
....requesting url:https://api.bitfinex.com/v2/ticker/tBTCUSD
执行交易订单：
{'price': 7010.1, 'volume': -0.10010553646646257, 'position': -0.20021107293292514, 'time': datetime.datetime(2018, 3, 31, 6, 20, 43, 661502), 'note': 'clear', 'side': 'buy'}
持仓不变....
20180331 18:22:36止损/止盈处理.....
....requesting url:https://api.bitfinex.com/v2/ticker/tBTCUSD
当前仓位为空仓，仓位均价=6956.207542819056,当前ask价格=7009.7
20180331 18:29:36止损/止盈处理.....
....requesting url:https://api.bitfinex.com/v2/ticker/tBTCUSD
当前仓位为空仓，仓位均价=6956.207542819056,当前ask价格=7125.9
更新历史数据....
....requesting url:https://api.bitfinex.com/v2/candles/trade:15m:tBTCUSD/hist?end=1522492536000.0&limit=1&sort=-1&start=1522491300000
20180331 18:35:43计算最新趋势....
计算信号....
当前信号buy进行交易操作.....
....requesting url:https://api.bitfinex.com/v2/ticker/tBTCUSD
执行交易订单：
{'price': 7152.1, 'volume': -0.20021107293292514, 'position': -0.4004221458658503, 'time': datetime.datetime(2018, 3, 31, 6, 35, 43, 645716), 'note': 'clear', 'side': 'buy'}
....requesting url:https://api.bitfinex.com/v2/ticker/tBTCUSD
执行交易订单：
{'price': 7152.1, 'volume': 0.013981907411809118, 'position': -0.3864402384540412, 'time': datetime.datetime(2018, 3, 31, 6, 35, 43, 901617), 'note': None, 'side': 'buy'}
持仓不变....
20180331 18:36:36止损/止盈处理.....
....requesting url:https://api.bitfinex.com/v2/ticker/tBTCUSD
当前仓位为空仓，仓位均价=7050.609950235608,当前ask价格=7130
20180331 18:43:36止损/止盈处理.....
....requesting url:https://api.bitfinex.com/v2/ticker/tBTCUSD
当前仓位为空仓，仓位均价=7050.609950235608,当前ask价格=7099.6
20180331 18:50:36止损/止盈处理.....
....requesting url:https://api.bitfinex.com/v2/ticker/tBTCUSD
更新历史数据....
....requesting url:https://api.bitfinex.com/v2/candles/trade:15m:tBTCUSD/hist?end=1522493436000.0&limit=1&sort=-1&start=1522492200000
当前仓位为空仓，仓位均价=7050.609950235608,当前ask价格=7155.1
20180331 18:50:43计算最新趋势....
计算信号....
持仓不变....
20180331 18:57:36止损/止盈处理.....
....requesting url:https://api.bitfinex.com/v2/ticker/tBTCUSD
当前仓位为空仓，仓位均价=7050.609950235608,当前ask价格=7135.3
20180331 19:04:36止损/止盈处理.....
....requesting url:https://api.bitfinex.com/v2/ticker/tBTCUSD
当前仓位为空仓，仓位均价=7050.609950235608,当前ask价格=7115.2
更新历史数据....
....requesting url:https://api.bitfinex.com/v2/candles/trade:15m:tBTCUSD/hist?end=1522494336000.0&limit=1&sort=-1&start=1522493100000
20180331 19:05:43计算最新趋势....
计算信号....
持仓不变....
20180331 19:11:36止损/止盈处理.....
....requesting url:https://api.bitfinex.com/v2/ticker/tBTCUSD
当前仓位为空仓，仓位均价=7050.609950235608,当前ask价格=7121
20180331 19:18:36止损/止盈处理.....
....requesting url:https://api.bitfinex.com/v2/ticker/tBTCUSD
当前仓位为空仓，仓位均价=7050.609950235608,当前ask价格=7074.1
更新历史数据....
....requesting url:https://api.bitfinex.com/v2/candles/trade:15m:tBTCUSD/hist?end=1522495236000.0&limit=1&sort=-1&start=1522494000000
20180331 19:20:43计算最新趋势....
计算信号....
持仓不变....
20180331 19:25:36止损/止盈处理.....
....requesting url:https://api.bitfinex.com/v2/ticker/tBTCUSD
当前仓位为空仓，仓位均价=7050.609950235608,当前ask价格=7093.4
20180331 19:32:36止损/止盈处理.....
....requesting url:https://api.bitfinex.com/v2/ticker/tBTCUSD
当前仓位为空仓，仓位均价=7050.609950235608,当前ask价格=7084.6
更新历史数据....
....requesting url:https://api.bitfinex.com/v2/candles/trade:15m:tBTCUSD/hist?end=1522496136000.0&limit=1&sort=-1&start=1522494900000
20180331 19:35:43计算最新趋势....
计算信号....
持仓不变....
20180331 19:39:36止损/止盈处理.....
....requesting url:https://api.bitfinex.com/v2/ticker/tBTCUSD
当前仓位为空仓，仓位均价=7050.609950235608,当前ask价格=7089.4
20180331 19:46:36止损/止盈处理.....
....requesting url:https://api.bitfinex.com/v2/ticker/tBTCUSD
当前仓位为空仓，仓位均价=7050.609950235608,当前ask价格=7110.1
更新历史数据....
....requesting url:https://api.bitfinex.com/v2/candles/trade:15m:tBTCUSD/hist?end=1522497036000.0&limit=1&sort=-1&start=1522495800000
20180331 19:50:43计算最新趋势....
计算信号....
持仓不变....
20180331 19:53:36止损/止盈处理.....
....requesting url:https://api.bitfinex.com/v2/ticker/tBTCUSD
当前仓位为空仓，仓位均价=7050.609950235608,当前ask价格=7120.1
20180331 20:00:36止损/止盈处理.....
....requesting url:https://api.bitfinex.com/v2/ticker/tBTCUSD
当前仓位为空仓，仓位均价=7050.609950235608,当前ask价格=7070.7
更新历史数据....
....requesting url:https://api.bitfinex.com/v2/candles/trade:15m:tBTCUSD/hist?end=1522497936000.0&limit=1&sort=-1&start=1522496700000
20180331 20:05:43计算最新趋势....
计算信号....
持仓不变....
20180331 20:07:36止损/止盈处理.....
....requesting url:https://api.bitfinex.com/v2/ticker/tBTCUSD
当前仓位为空仓，仓位均价=7050.609950235608,当前ask价格=7121.5
20180331 20:14:36止损/止盈处理.....
....requesting url:https://api.bitfinex.com/v2/ticker/tBTCUSD
当前仓位为空仓，仓位均价=7050.609950235608,当前ask价格=7140.2
更新历史数据....
....requesting url:https://api.bitfinex.com/v2/candles/trade:15m:tBTCUSD/hist?end=1522498836000.0&limit=1&sort=-1&start=1522497600000
20180331 20:20:43计算最新趋势....
计算信号....
持仓不变....
20180331 20:21:36止损/止盈处理.....
....requesting url:https://api.bitfinex.com/v2/ticker/tBTCUSD
当前仓位为空仓，仓位均价=7050.609950235608,当前ask价格=7123
20180331 20:28:36止损/止盈处理.....
....requesting url:https://api.bitfinex.com/v2/ticker/tBTCUSD
当前仓位为空仓，仓位均价=7050.609950235608,当前ask价格=7110.8
20180331 20:35:36止损/止盈处理.....
....requesting url:https://api.bitfinex.com/v2/ticker/tBTCUSD
更新历史数据....
....requesting url:https://api.bitfinex.com/v2/candles/trade:15m:tBTCUSD/hist?end=1522499736000.0&limit=1&sort=-1&start=1522498500000
当前仓位为空仓，仓位均价=7050.609950235608,当前ask价格=7111
20180331 20:35:43计算最新趋势....
计算信号....
持仓不变....
20180331 20:42:36止损/止盈处理.....
....requesting url:https://api.bitfinex.com/v2/ticker/tBTCUSD
当前仓位为空仓，仓位均价=7050.609950235608,当前ask价格=7186.9
20180331 20:49:36止损/止盈处理.....
....requesting url:https://api.bitfinex.com/v2/ticker/tBTCUSD
当前仓位为空仓，仓位均价=7050.609950235608,当前ask价格=7207.3
更新历史数据....
....requesting url:https://api.bitfinex.com/v2/candles/trade:15m:tBTCUSD/hist?end=1522500636000.0&limit=1&sort=-1&start=1522499400000
20180331 20:50:43计算最新趋势....
计算信号....
持仓不变....
20180331 20:56:36止损/止盈处理.....
....requesting url:https://api.bitfinex.com/v2/ticker/tBTCUSD
当前仓位为空仓，仓位均价=7050.609950235608,当前ask价格=7178.1
20180331 21:03:36止损/止盈处理.....
....requesting url:https://api.bitfinex.com/v2/ticker/tBTCUSD
当前仓位为空仓，仓位均价=7050.609950235608,当前ask价格=7145.1
更新历史数据....
....requesting url:https://api.bitfinex.com/v2/candles/trade:15m:tBTCUSD/hist?end=1522501536000.0&limit=1&sort=-1&start=1522500300000
20180331 21:05:43计算最新趋势....
计算信号....
持仓不变....
20180331 21:10:36止损/止盈处理.....
....requesting url:https://api.bitfinex.com/v2/ticker/tBTCUSD
当前仓位为空仓，仓位均价=7050.609950235608,当前ask价格=7144.9
20180331 21:17:36止损/止盈处理.....
....requesting url:https://api.bitfinex.com/v2/ticker/tBTCUSD
当前仓位为空仓，仓位均价=7050.609950235608,当前ask价格=7113.5
更新历史数据....
....requesting url:https://api.bitfinex.com/v2/candles/trade:15m:tBTCUSD/hist?end=1522502436000.0&limit=1&sort=-1&start=1522501200000
20180331 21:20:43计算最新趋势....
计算信号....
持仓不变....
20180331 21:24:36止损/止盈处理.....
....requesting url:https://api.bitfinex.com/v2/ticker/tBTCUSD
当前仓位为空仓，仓位均价=7050.609950235608,当前ask价格=7072.3
20180331 21:31:36止损/止盈处理.....
....requesting url:https://api.bitfinex.com/v2/ticker/tBTCUSD
当前仓位为空仓，仓位均价=7050.609950235608,当前ask价格=7067.5
更新历史数据....
....requesting url:https://api.bitfinex.com/v2/candles/trade:15m:tBTCUSD/hist?end=1522503336000.0&limit=1&sort=-1&start=1522502100000
20180331 21:35:43计算最新趋势....
计算信号....
当前信号sell进行交易操作.....
....requesting url:https://api.bitfinex.com/v2/ticker/tBTCUSD
执行交易订单：
{'price': 7087.6, 'volume': 0.014109148371804277, 'position': -0.40054938682584545, 'time': datetime.datetime(2018, 3, 31, 9, 35, 44, 28874), 'note': None, 'side': 'sell'}
持仓不变....
20180331 21:38:36止损/止盈处理.....
....requesting url:https://api.bitfinex.com/v2/ticker/tBTCUSD
当前仓位为空仓，仓位均价=7051.912905919905,当前ask价格=7091.9
20180331 21:45:36止损/止盈处理.....
....requesting url:https://api.bitfinex.com/v2/ticker/tBTCUSD
当前仓位为空仓，仓位均价=7051.912905919905,当前ask价格=7100
更新历史数据....
....requesting url:https://api.bitfinex.com/v2/candles/trade:15m:tBTCUSD/hist?end=1522504236000.0&limit=1&sort=-1&start=1522503000000
20180331 21:50:43计算最新趋势....
计算信号....
持仓不变....
20180331 21:52:36止损/止盈处理.....
....requesting url:https://api.bitfinex.com/v2/ticker/tBTCUSD
当前仓位为空仓，仓位均价=7051.912905919905,当前ask价格=7037.7
20180331 21:59:36止损/止盈处理.....
....requesting url:https://api.bitfinex.com/v2/ticker/tBTCUSD
当前仓位为空仓，仓位均价=7051.912905919905,当前ask价格=7047.1
更新历史数据....
....requesting url:https://api.bitfinex.com/v2/candles/trade:15m:tBTCUSD/hist?end=1522505136000.0&limit=1&sort=-1&start=1522503900000
20180331 22:05:43计算最新趋势....
计算信号....
持仓不变....
20180331 22:06:36止损/止盈处理.....
....requesting url:https://api.bitfinex.com/v2/ticker/tBTCUSD
当前仓位为空仓，仓位均价=7051.912905919905,当前ask价格=7068.3
20180331 22:13:36止损/止盈处理.....
....requesting url:https://api.bitfinex.com/v2/ticker/tBTCUSD
当前仓位为空仓，仓位均价=7051.912905919905,当前ask价格=7011.3
20180331 22:20:36止损/止盈处理.....
....requesting url:https://api.bitfinex.com/v2/ticker/tBTCUSD
更新历史数据....
....requesting url:https://api.bitfinex.com/v2/candles/trade:15m:tBTCUSD/hist?end=1522506036000.0&limit=1&sort=-1&start=1522504800000
当前仓位为空仓，仓位均价=7051.912905919905,当前ask价格=7028
20180331 22:20:43计算最新趋势....
计算信号....
持仓不变....
20180331 22:27:36止损/止盈处理.....
....requesting url:https://api.bitfinex.com/v2/ticker/tBTCUSD
当前仓位为空仓，仓位均价=7051.912905919905,当前ask价格=7023.4
20180331 22:34:36止损/止盈处理.....
....requesting url:https://api.bitfinex.com/v2/ticker/tBTCUSD
当前仓位为空仓，仓位均价=7051.912905919905,当前ask价格=7003.1
更新历史数据....
....requesting url:https://api.bitfinex.com/v2/candles/trade:15m:tBTCUSD/hist?end=1522506936000.0&limit=1&sort=-1&start=1522505700000
20180331 22:35:43计算最新趋势....
计算信号....
持仓不变....
20180331 22:41:36止损/止盈处理.....
....requesting url:https://api.bitfinex.com/v2/ticker/tBTCUSD
当前仓位为空仓，仓位均价=7051.912905919905,当前ask价格=7045.8
20180331 22:48:36止损/止盈处理.....
....requesting url:https://api.bitfinex.com/v2/ticker/tBTCUSD
当前仓位为空仓，仓位均价=7051.912905919905,当前ask价格=7047.4
更新历史数据....
....requesting url:https://api.bitfinex.com/v2/candles/trade:15m:tBTCUSD/hist?end=1522507836000.0&limit=1&sort=-1&start=1522506600000
20180331 22:50:43计算最新趋势....
计算信号....
持仓不变....
20180331 22:55:36止损/止盈处理.....
....requesting url:https://api.bitfinex.com/v2/ticker/tBTCUSD
当前仓位为空仓，仓位均价=7051.912905919905,当前ask价格=7065
20180331 23:02:36止损/止盈处理.....
....requesting url:https://api.bitfinex.com/v2/ticker/tBTCUSD
当前仓位为空仓，仓位均价=7051.912905919905,当前ask价格=7051.4
更新历史数据....
....requesting url:https://api.bitfinex.com/v2/candles/trade:15m:tBTCUSD/hist?end=1522508736000.0&limit=1&sort=-1&start=1522507500000
20180331 23:05:43计算最新趋势....
计算信号....
持仓不变....
20180331 23:09:36止损/止盈处理.....
....requesting url:https://api.bitfinex.com/v2/ticker/tBTCUSD
当前仓位为空仓，仓位均价=7051.912905919905,当前ask价格=7031.5
20180331 23:16:36止损/止盈处理.....
....requesting url:https://api.bitfinex.com/v2/ticker/tBTCUSD
当前仓位为空仓，仓位均价=7051.912905919905,当前ask价格=7028.2
更新历史数据....
....requesting url:https://api.bitfinex.com/v2/candles/trade:15m:tBTCUSD/hist?end=1522509636000.0&limit=1&sort=-1&start=1522508400000
20180331 23:20:43计算最新趋势....
计算信号....
持仓不变....
20180331 23:23:36止损/止盈处理.....
....requesting url:https://api.bitfinex.com/v2/ticker/tBTCUSD
当前仓位为空仓，仓位均价=7051.912905919905,当前ask价格=7038.8
20180331 23:30:36止损/止盈处理.....
....requesting url:https://api.bitfinex.com/v2/ticker/tBTCUSD
当前仓位为空仓，仓位均价=7051.912905919905,当前ask价格=7070.8
更新历史数据....
....requesting url:https://api.bitfinex.com/v2/candles/trade:15m:tBTCUSD/hist?end=1522510536000.0&limit=1&sort=-1&start=1522509300000
20180331 23:35:43计算最新趋势....
计算信号....
持仓不变....
20180331 23:37:36止损/止盈处理.....
....requesting url:https://api.bitfinex.com/v2/ticker/tBTCUSD
当前仓位为空仓，仓位均价=7051.912905919905,当前ask价格=7068.8
20180331 23:44:36止损/止盈处理.....
....requesting url:https://api.bitfinex.com/v2/ticker/tBTCUSD
当前仓位为空仓，仓位均价=7051.912905919905,当前ask价格=7045.5
更新历史数据....
....requesting url:https://api.bitfinex.com/v2/candles/trade:15m:tBTCUSD/hist?end=1522511436000.0&limit=1&sort=-1&start=1522510200000
20180331 23:50:43计算最新趋势....
计算信号....
持仓不变....
20180331 23:51:36止损/止盈处理.....
....requesting url:https://api.bitfinex.com/v2/ticker/tBTCUSD
当前仓位为空仓，仓位均价=7051.912905919905,当前ask价格=7050
20180331 23:58:36止损/止盈处理.....
....requesting url:https://api.bitfinex.com/v2/ticker/tBTCUSD
当前仓位为空仓，仓位均价=7051.912905919905,当前ask价格=7050
20180401 00:05:36止损/止盈处理.....
....requesting url:https://api.bitfinex.com/v2/ticker/tBTCUSD
更新历史数据....
....requesting url:https://api.bitfinex.com/v2/candles/trade:15m:tBTCUSD/hist?end=1522512336000.0&limit=1&sort=-1&start=1522511100000
当前仓位为空仓，仓位均价=7051.912905919905,当前ask价格=7101.5
20180401 00:05:43计算最新趋势....
计算信号....
持仓不变....
20180401 00:12:36止损/止盈处理.....
....requesting url:https://api.bitfinex.com/v2/ticker/tBTCUSD
当前仓位为空仓，仓位均价=7051.912905919905,当前ask价格=7116
20180401 00:19:36止损/止盈处理.....
....requesting url:https://api.bitfinex.com/v2/ticker/tBTCUSD
当前仓位为空仓，仓位均价=7051.912905919905,当前ask价格=7150
更新历史数据....
....requesting url:https://api.bitfinex.com/v2/candles/trade:15m:tBTCUSD/hist?end=1522513236000.0&limit=1&sort=-1&start=1522512000000
20180401 00:20:43计算最新趋势....
计算信号....
持仓不变....
20180401 00:26:36止损/止盈处理.....
....requesting url:https://api.bitfinex.com/v2/ticker/tBTCUSD
当前仓位为空仓，仓位均价=7051.912905919905,当前ask价格=7119
20180401 00:33:36止损/止盈处理.....
....requesting url:https://api.bitfinex.com/v2/ticker/tBTCUSD
当前仓位为空仓，仓位均价=7051.912905919905,当前ask价格=7113.1
更新历史数据....
....requesting url:https://api.bitfinex.com/v2/candles/trade:15m:tBTCUSD/hist?end=1522514136000.0&limit=1&sort=-1&start=1522512900000
20180401 00:35:43计算最新趋势....
计算信号....
持仓不变....
20180401 00:40:36止损/止盈处理.....
....requesting url:https://api.bitfinex.com/v2/ticker/tBTCUSD
当前仓位为空仓，仓位均价=7051.912905919905,当前ask价格=7132
20180401 00:47:36止损/止盈处理.....
....requesting url:https://api.bitfinex.com/v2/ticker/tBTCUSD
当前仓位为空仓，仓位均价=7051.912905919905,当前ask价格=7154.8
更新历史数据....
....requesting url:https://api.bitfinex.com/v2/candles/trade:15m:tBTCUSD/hist?end=1522515036000.0&limit=1&sort=-1&start=1522513800000
20180401 00:50:43计算最新趋势....
计算信号....
当前信号clear进行交易操作.....
....requesting url:https://api.bitfinex.com/v2/ticker/tBTCUSD
执行交易订单：
{'price': 7142, 'volume': -0.40054938682584545, 'position': -0.8010987736516909, 'time': datetime.datetime(2018, 3, 31, 12, 50, 43, 574817), 'note': 'clear', 'side': 'buy'}
持仓不变....
20180401 00:54:36止损/止盈处理.....
....requesting url:https://api.bitfinex.com/v2/ticker/tBTCUSD
当前仓位为空仓，仓位均价=7096.956452959953,当前ask价格=7160
20180401 01:01:36止损/止盈处理.....
....requesting url:https://api.bitfinex.com/v2/ticker/tBTCUSD
当前仓位为空仓，仓位均价=7096.956452959953,当前ask价格=7143.6
更新历史数据....
....requesting url:https://api.bitfinex.com/v2/candles/trade:15m:tBTCUSD/hist?end=1522515936000.0&limit=1&sort=-1&start=1522514700000
20180401 01:05:43计算最新趋势....
计算信号....
持仓不变....
20180401 01:08:36止损/止盈处理.....
....requesting url:https://api.bitfinex.com/v2/ticker/tBTCUSD
当前仓位为空仓，仓位均价=7096.956452959953,当前ask价格=7154.3
20180401 01:15:36止损/止盈处理.....
....requesting url:https://api.bitfinex.com/v2/ticker/tBTCUSD
当前仓位为空仓，仓位均价=7096.956452959953,当前ask价格=7106.5
更新历史数据....
....requesting url:https://api.bitfinex.com/v2/candles/trade:15m:tBTCUSD/hist?end=1522516836000.0&limit=1&sort=-1&start=1522515600000
20180401 01:20:43计算最新趋势....
计算信号....
持仓不变....
20180401 01:22:36止损/止盈处理.....
....requesting url:https://api.bitfinex.com/v2/ticker/tBTCUSD
当前仓位为空仓，仓位均价=7096.956452959953,当前ask价格=7092.6
20180401 01:29:36止损/止盈处理.....
....requesting url:https://api.bitfinex.com/v2/ticker/tBTCUSD
当前仓位为空仓，仓位均价=7096.956452959953,当前ask价格=7091.1
更新历史数据....
....requesting url:https://api.bitfinex.com/v2/candles/trade:15m:tBTCUSD/hist?end=1522517736000.0&limit=1&sort=-1&start=1522516500000
20180401 01:35:43计算最新趋势....
计算信号....
持仓不变....
20180401 01:36:36止损/止盈处理.....
....requesting url:https://api.bitfinex.com/v2/ticker/tBTCUSD
当前仓位为空仓，仓位均价=7096.956452959953,当前ask价格=7054.8
20180401 01:43:36止损/止盈处理.....
....requesting url:https://api.bitfinex.com/v2/ticker/tBTCUSD
当前仓位为空仓，仓位均价=7096.956452959953,当前ask价格=7090.1
20180401 01:50:36止损/止盈处理.....
更新历史数据....
....requesting url:https://api.bitfinex.com/v2/ticker/tBTCUSD
....requesting url:https://api.bitfinex.com/v2/candles/trade:15m:tBTCUSD/hist?end=1522518636000.0&limit=1&sort=-1&start=1522517400000
当前仓位为空仓，仓位均价=7096.956452959953,当前ask价格=7069.5
20180401 01:50:43计算最新趋势....
计算信号....
持仓不变....
20180401 01:57:36止损/止盈处理.....
....requesting url:https://api.bitfinex.com/v2/ticker/tBTCUSD
当前仓位为空仓，仓位均价=7096.956452959953,当前ask价格=7111.7
20180401 02:04:36止损/止盈处理.....
....requesting url:https://api.bitfinex.com/v2/ticker/tBTCUSD
当前仓位为空仓，仓位均价=7096.956452959953,当前ask价格=7087
更新历史数据....
....requesting url:https://api.bitfinex.com/v2/candles/trade:15m:tBTCUSD/hist?end=1522519536000.0&limit=1&sort=-1&start=1522518300000
20180401 02:05:43计算最新趋势....
计算信号....
持仓不变....
20180401 02:11:36止损/止盈处理.....
....requesting url:https://api.bitfinex.com/v2/ticker/tBTCUSD
当前仓位为空仓，仓位均价=7096.956452959953,当前ask价格=7120
20180401 02:18:36止损/止盈处理.....
....requesting url:https://api.bitfinex.com/v2/ticker/tBTCUSD
当前仓位为空仓，仓位均价=7096.956452959953,当前ask价格=7087.5
更新历史数据....
....requesting url:https://api.bitfinex.com/v2/candles/trade:15m:tBTCUSD/hist?end=1522520436000.0&limit=1&sort=-1&start=1522519200000
20180401 02:20:43计算最新趋势....
计算信号....
持仓不变....
20180401 02:25:36止损/止盈处理.....
....requesting url:https://api.bitfinex.com/v2/ticker/tBTCUSD
当前仓位为空仓，仓位均价=7096.956452959953,当前ask价格=7086
20180401 02:32:36止损/止盈处理.....
....requesting url:https://api.bitfinex.com/v2/ticker/tBTCUSD
当前仓位为空仓，仓位均价=7096.956452959953,当前ask价格=7084
更新历史数据....
....requesting url:https://api.bitfinex.com/v2/candles/trade:15m:tBTCUSD/hist?end=1522521336000.0&limit=1&sort=-1&start=1522520100000
20180401 02:35:43计算最新趋势....
计算信号....
持仓不变....
20180401 02:39:36止损/止盈处理.....
....requesting url:https://api.bitfinex.com/v2/ticker/tBTCUSD
当前仓位为空仓，仓位均价=7096.956452959953,当前ask价格=7075.4
20180401 02:46:36止损/止盈处理.....
....requesting url:https://api.bitfinex.com/v2/ticker/tBTCUSD
当前仓位为空仓，仓位均价=7096.956452959953,当前ask价格=7065
更新历史数据....
....requesting url:https://api.bitfinex.com/v2/candles/trade:15m:tBTCUSD/hist?end=1522522236000.0&limit=1&sort=-1&start=1522521000000
20180401 02:50:43计算最新趋势....
计算信号....
持仓不变....
20180401 02:53:36止损/止盈处理.....
....requesting url:https://api.bitfinex.com/v2/ticker/tBTCUSD
当前仓位为空仓，仓位均价=7096.956452959953,当前ask价格=7030
20180401 03:00:36止损/止盈处理.....
....requesting url:https://api.bitfinex.com/v2/ticker/tBTCUSD
当前仓位为空仓，仓位均价=7096.956452959953,当前ask价格=7028
更新历史数据....
....requesting url:https://api.bitfinex.com/v2/candles/trade:15m:tBTCUSD/hist?end=1522523136000.0&limit=1&sort=-1&start=1522521900000
20180401 03:05:43计算最新趋势....
计算信号....
持仓不变....
20180401 03:07:36止损/止盈处理.....
....requesting url:https://api.bitfinex.com/v2/ticker/tBTCUSD
当前仓位为空仓，仓位均价=7096.956452959953,当前ask价格=7044.7
20180401 03:14:36止损/止盈处理.....
....requesting url:https://api.bitfinex.com/v2/ticker/tBTCUSD
temporary disconnection,retrying...
....requesting url:https://api.bitfinex.com/v2/ticker/tBTCUSD
当前仓位为空仓，仓位均价=7096.956452959953,当前ask价格=6986.8
更新历史数据....
....requesting url:https://api.bitfinex.com/v2/candles/trade:15m:tBTCUSD/hist?end=1522524036000.0&limit=1&sort=-1&start=1522522800000
20180401 03:20:44计算最新趋势....
计算信号....
当前信号sell进行交易操作.....
....requesting url:https://api.bitfinex.com/v2/ticker/tBTCUSD
执行交易订单：
{'price': 7019, 'volume': 0.014247043738424277, 'position': -0.8153458173901151, 'time': datetime.datetime(2018, 3, 31, 15, 20, 44, 631290), 'note': None, 'side': 'sell'}
持仓不变....
20180401 03:21:36止损/止盈处理.....
....requesting url:https://api.bitfinex.com/v2/ticker/tBTCUSD
当前仓位为空仓，仓位均价=7095.594271452029,当前ask价格=7019
20180401 03:28:36止损/止盈处理.....
....requesting url:https://api.bitfinex.com/v2/ticker/tBTCUSD
当前仓位为空仓，仓位均价=7095.594271452029,当前ask价格=7020.4
20180401 03:35:36止损/止盈处理.....
....requesting url:https://api.bitfinex.com/v2/ticker/tBTCUSD
更新历史数据....
....requesting url:https://api.bitfinex.com/v2/candles/trade:15m:tBTCUSD/hist?end=1522524936000.0&limit=1&sort=-1&start=1522523700000
当前仓位为空仓，仓位均价=7095.594271452029,当前ask价格=7032
20180401 03:35:43计算最新趋势....
计算信号....
持仓不变....
20180401 03:42:36止损/止盈处理.....
....requesting url:https://api.bitfinex.com/v2/ticker/tBTCUSD
当前仓位为空仓，仓位均价=7095.594271452029,当前ask价格=7037
20180401 03:49:36止损/止盈处理.....
....requesting url:https://api.bitfinex.com/v2/ticker/tBTCUSD
当前仓位为空仓，仓位均价=7095.594271452029,当前ask价格=7024
更新历史数据....
....requesting url:https://api.bitfinex.com/v2/candles/trade:15m:tBTCUSD/hist?end=1522525836000.0&limit=1&sort=-1&start=1522524600000
20180401 03:50:43计算最新趋势....
计算信号....
持仓不变....
20180401 03:56:36止损/止盈处理.....
....requesting url:https://api.bitfinex.com/v2/ticker/tBTCUSD
当前仓位为空仓，仓位均价=7095.594271452029,当前ask价格=7051.1
20180401 04:03:36止损/止盈处理.....
....requesting url:https://api.bitfinex.com/v2/ticker/tBTCUSD
temporary disconnection,retrying...
....requesting url:https://api.bitfinex.com/v2/ticker/tBTCUSD
当前仓位为空仓，仓位均价=7095.594271452029,当前ask价格=7052.5
更新历史数据....
....requesting url:https://api.bitfinex.com/v2/candles/trade:15m:tBTCUSD/hist?end=1522526736000.0&limit=1&sort=-1&start=1522525500000
20180401 04:05:43计算最新趋势....
计算信号....
持仓不变....
20180401 04:10:36止损/止盈处理.....
....requesting url:https://api.bitfinex.com/v2/ticker/tBTCUSD
当前仓位为空仓，仓位均价=7095.594271452029,当前ask价格=7038.3
20180401 04:17:36止损/止盈处理.....
....requesting url:https://api.bitfinex.com/v2/ticker/tBTCUSD
当前仓位为空仓，仓位均价=7095.594271452029,当前ask价格=7025.1
更新历史数据....
....requesting url:https://api.bitfinex.com/v2/candles/trade:15m:tBTCUSD/hist?end=1522527636000.0&limit=1&sort=-1&start=1522526400000
20180401 04:20:43计算最新趋势....
计算信号....
持仓不变....
20180401 04:24:36止损/止盈处理.....
....requesting url:https://api.bitfinex.com/v2/ticker/tBTCUSD
当前仓位为空仓，仓位均价=7095.594271452029,当前ask价格=6941.4
20180401 04:31:36止损/止盈处理.....
....requesting url:https://api.bitfinex.com/v2/ticker/tBTCUSD
当前仓位为空仓，仓位均价=7095.594271452029,当前ask价格=6905.1
更新历史数据....
....requesting url:https://api.bitfinex.com/v2/candles/trade:15m:tBTCUSD/hist?end=1522528536000.0&limit=1&sort=-1&start=1522527300000
20180401 04:35:43计算最新趋势....
计算信号....
持仓不变....
20180401 04:38:36止损/止盈处理.....
....requesting url:https://api.bitfinex.com/v2/ticker/tBTCUSD
当前仓位为空仓，仓位均价=7095.594271452029,当前ask价格=6910.9
20180401 04:45:36止损/止盈处理.....
....requesting url:https://api.bitfinex.com/v2/ticker/tBTCUSD
当前仓位为空仓，仓位均价=7095.594271452029,当前ask价格=6898.4
更新历史数据....
....requesting url:https://api.bitfinex.com/v2/candles/trade:15m:tBTCUSD/hist?end=1522529436000.0&limit=1&sort=-1&start=1522528200000
20180401 04:50:43计算最新趋势....
计算信号....
持仓不变....
20180401 04:52:36止损/止盈处理.....
....requesting url:https://api.bitfinex.com/v2/ticker/tBTCUSD
当前仓位为空仓，仓位均价=7095.594271452029,当前ask价格=6925
20180401 04:59:36止损/止盈处理.....
....requesting url:https://api.bitfinex.com/v2/ticker/tBTCUSD
当前仓位为空仓，仓位均价=7095.594271452029,当前ask价格=6896.6
更新历史数据....
....requesting url:https://api.bitfinex.com/v2/candles/trade:15m:tBTCUSD/hist?end=1522530336000.0&limit=1&sort=-1&start=1522529100000
20180401 05:05:43计算最新趋势....
计算信号....
持仓不变....
20180401 05:06:36止损/止盈处理.....
....requesting url:https://api.bitfinex.com/v2/ticker/tBTCUSD
当前仓位为空仓，仓位均价=7095.594271452029,当前ask价格=6919.8
20180401 05:13:36止损/止盈处理.....
....requesting url:https://api.bitfinex.com/v2/ticker/tBTCUSD
当前仓位为空仓，仓位均价=7095.594271452029,当前ask价格=6884.7
20180401 05:20:36止损/止盈处理.....
更新历史数据....
....requesting url:https://api.bitfinex.com/v2/ticker/tBTCUSD
....requesting url:https://api.bitfinex.com/v2/candles/trade:15m:tBTCUSD/hist?end=1522531236000.0&limit=1&sort=-1&start=1522530000000
当前仓位为空仓，仓位均价=7095.594271452029,当前ask价格=6891.9
20180401 05:20:43计算最新趋势....
计算信号....
持仓不变....
20180401 05:27:36止损/止盈处理.....
....requesting url:https://api.bitfinex.com/v2/ticker/tBTCUSD
当前仓位为空仓，仓位均价=7095.594271452029,当前ask价格=6910.1
20180401 05:34:36止损/止盈处理.....
....requesting url:https://api.bitfinex.com/v2/ticker/tBTCUSD
当前仓位为空仓，仓位均价=7095.594271452029,当前ask价格=6907.9
更新历史数据....
....requesting url:https://api.bitfinex.com/v2/candles/trade:15m:tBTCUSD/hist?end=1522532136000.0&limit=1&sort=-1&start=1522530900000
20180401 05:35:43计算最新趋势....
计算信号....
持仓不变....
20180401 05:41:36止损/止盈处理.....
....requesting url:https://api.bitfinex.com/v2/ticker/tBTCUSD
当前仓位为空仓，仓位均价=7095.594271452029,当前ask价格=6936
20180401 05:48:36止损/止盈处理.....
....requesting url:https://api.bitfinex.com/v2/ticker/tBTCUSD
当前仓位为空仓，仓位均价=7095.594271452029,当前ask价格=6912.1
更新历史数据....
....requesting url:https://api.bitfinex.com/v2/candles/trade:15m:tBTCUSD/hist?end=1522533036000.0&limit=1&sort=-1&start=1522531800000
20180401 05:50:43计算最新趋势....
计算信号....
持仓不变....
20180401 05:55:36止损/止盈处理.....
....requesting url:https://api.bitfinex.com/v2/ticker/tBTCUSD
当前仓位为空仓，仓位均价=7095.594271452029,当前ask价格=6918.1
20180401 06:02:36止损/止盈处理.....
....requesting url:https://api.bitfinex.com/v2/ticker/tBTCUSD
当前仓位为空仓，仓位均价=7095.594271452029,当前ask价格=6931.7
更新历史数据....
....requesting url:https://api.bitfinex.com/v2/candles/trade:15m:tBTCUSD/hist?end=1522533936000.0&limit=1&sort=-1&start=1522532700000
20180401 06:05:43计算最新趋势....
计算信号....
持仓不变....
20180401 06:09:36止损/止盈处理.....
....requesting url:https://api.bitfinex.com/v2/ticker/tBTCUSD
当前仓位为空仓，仓位均价=7095.594271452029,当前ask价格=6919.7
20180401 06:16:36止损/止盈处理.....
....requesting url:https://api.bitfinex.com/v2/ticker/tBTCUSD
当前仓位为空仓，仓位均价=7095.594271452029,当前ask价格=6908.2
更新历史数据....
....requesting url:https://api.bitfinex.com/v2/candles/trade:15m:tBTCUSD/hist?end=1522534836000.0&limit=1&sort=-1&start=1522533600000
20180401 06:20:43计算最新趋势....
计算信号....
持仓不变....
20180401 06:23:36止损/止盈处理.....
....requesting url:https://api.bitfinex.com/v2/ticker/tBTCUSD
当前仓位为空仓，仓位均价=7095.594271452029,当前ask价格=6936.8
20180401 06:30:36止损/止盈处理.....
....requesting url:https://api.bitfinex.com/v2/ticker/tBTCUSD
当前仓位为空仓，仓位均价=7095.594271452029,当前ask价格=6930
更新历史数据....
....requesting url:https://api.bitfinex.com/v2/candles/trade:15m:tBTCUSD/hist?end=1522535736000.0&limit=1&sort=-1&start=1522534500000
20180401 06:35:43计算最新趋势....
计算信号....
持仓不变....
20180401 06:37:36止损/止盈处理.....
....requesting url:https://api.bitfinex.com/v2/ticker/tBTCUSD
当前仓位为空仓，仓位均价=7095.594271452029,当前ask价格=6957
20180401 06:44:36止损/止盈处理.....
....requesting url:https://api.bitfinex.com/v2/ticker/tBTCUSD
当前仓位为空仓，仓位均价=7095.594271452029,当前ask价格=6959.3
更新历史数据....
....requesting url:https://api.bitfinex.com/v2/candles/trade:15m:tBTCUSD/hist?end=1522536636000.0&limit=1&sort=-1&start=1522535400000
20180401 06:50:43计算最新趋势....
计算信号....
持仓不变....
20180401 06:51:36止损/止盈处理.....
....requesting url:https://api.bitfinex.com/v2/ticker/tBTCUSD
当前仓位为空仓，仓位均价=7095.594271452029,当前ask价格=6944.4
20180401 06:58:36止损/止盈处理.....
....requesting url:https://api.bitfinex.com/v2/ticker/tBTCUSD
当前仓位为空仓，仓位均价=7095.594271452029,当前ask价格=6951.8
20180401 07:05:36止损/止盈处理.....
更新历史数据....
....requesting url:https://api.bitfinex.com/v2/ticker/tBTCUSD
....requesting url:https://api.bitfinex.com/v2/candles/trade:15m:tBTCUSD/hist?end=1522537536000.0&limit=1&sort=-1&start=1522536300000
当前仓位为空仓，仓位均价=7095.594271452029,当前ask价格=6955.5
20180401 07:05:43计算最新趋势....
计算信号....
持仓不变....
20180401 07:12:36止损/止盈处理.....
....requesting url:https://api.bitfinex.com/v2/ticker/tBTCUSD
当前仓位为空仓，仓位均价=7095.594271452029,当前ask价格=6915.4
20180401 07:19:36止损/止盈处理.....
....requesting url:https://api.bitfinex.com/v2/ticker/tBTCUSD
当前仓位为空仓，仓位均价=7095.594271452029,当前ask价格=6900.5
更新历史数据....
....requesting url:https://api.bitfinex.com/v2/candles/trade:15m:tBTCUSD/hist?end=1522538436000.0&limit=1&sort=-1&start=1522537200000
20180401 07:20:43计算最新趋势....
计算信号....
持仓不变....
20180401 07:26:36止损/止盈处理.....
....requesting url:https://api.bitfinex.com/v2/ticker/tBTCUSD
当前仓位为空仓，仓位均价=7095.594271452029,当前ask价格=6914
20180401 07:33:36止损/止盈处理.....
....requesting url:https://api.bitfinex.com/v2/ticker/tBTCUSD
当前仓位为空仓，仓位均价=7095.594271452029,当前ask价格=6911.7
更新历史数据....
....requesting url:https://api.bitfinex.com/v2/candles/trade:15m:tBTCUSD/hist?end=1522539336000.0&limit=1&sort=-1&start=1522538100000
20180401 07:35:43计算最新趋势....
计算信号....
持仓不变....
20180401 07:40:36止损/止盈处理.....
....requesting url:https://api.bitfinex.com/v2/ticker/tBTCUSD
当前仓位为空仓，仓位均价=7095.594271452029,当前ask价格=6930
20180401 07:47:36止损/止盈处理.....
....requesting url:https://api.bitfinex.com/v2/ticker/tBTCUSD
当前仓位为空仓，仓位均价=7095.594271452029,当前ask价格=6927.8
更新历史数据....
....requesting url:https://api.bitfinex.com/v2/candles/trade:15m:tBTCUSD/hist?end=1522540236000.0&limit=1&sort=-1&start=1522539000000
20180401 07:50:43计算最新趋势....
计算信号....
持仓不变....
20180401 07:54:36止损/止盈处理.....
....requesting url:https://api.bitfinex.com/v2/ticker/tBTCUSD
当前仓位为空仓，仓位均价=7095.594271452029,当前ask价格=6927.1
20180401 08:01:36止损/止盈处理.....
....requesting url:https://api.bitfinex.com/v2/ticker/tBTCUSD
当前仓位为空仓，仓位均价=7095.594271452029,当前ask价格=6964.8
更新历史数据....
....requesting url:https://api.bitfinex.com/v2/candles/trade:15m:tBTCUSD/hist?end=1522541136000.0&limit=1&sort=-1&start=1522539900000
20180401 08:05:43计算最新趋势....
计算信号....
当前信号buy进行交易操作.....
....requesting url:https://api.bitfinex.com/v2/ticker/tBTCUSD
执行交易订单：
{'price': 6988.6, 'volume': -0.8153458173901151, 'position': -1.6306916347802303, 'time': datetime.datetime(2018, 3, 31, 20, 5, 44, 124127), 'note': 'clear', 'side': 'buy'}
....requesting url:https://api.bitfinex.com/v2/ticker/tBTCUSD
执行交易订单：
{'price': 6988.6, 'volume': 0.014309017542855507, 'position': -1.6163826172373748, 'time': datetime.datetime(2018, 3, 31, 20, 5, 44, 392503), 'note': None, 'side': 'buy'}
持仓不变....
20180401 08:08:36止损/止盈处理.....
....requesting url:https://api.bitfinex.com/v2/ticker/tBTCUSD
当前仓位为空仓，仓位均价=7042.5707188030865,当前ask价格=7015
20180401 08:15:36止损/止盈处理.....
....requesting url:https://api.bitfinex.com/v2/ticker/tBTCUSD
当前仓位为空仓，仓位均价=7042.5707188030865,当前ask价格=6985
更新历史数据....
....requesting url:https://api.bitfinex.com/v2/candles/trade:15m:tBTCUSD/hist?end=1522542036000.0&limit=1&sort=-1&start=1522540800000
20180401 08:20:43计算最新趋势....
计算信号....
持仓不变....
20180401 08:22:36止损/止盈处理.....
....requesting url:https://api.bitfinex.com/v2/ticker/tBTCUSD
当前仓位为空仓，仓位均价=7042.5707188030865,当前ask价格=6998.5
20180401 08:29:36止损/止盈处理.....
....requesting url:https://api.bitfinex.com/v2/ticker/tBTCUSD
当前仓位为空仓，仓位均价=7042.5707188030865,当前ask价格=7020
更新历史数据....
....requesting url:https://api.bitfinex.com/v2/candles/trade:15m:tBTCUSD/hist?end=1522542936000.0&limit=1&sort=-1&start=1522541700000
20180401 08:35:43计算最新趋势....
计算信号....
持仓不变....
20180401 08:36:36止损/止盈处理.....
....requesting url:https://api.bitfinex.com/v2/ticker/tBTCUSD
当前仓位为空仓，仓位均价=7042.5707188030865,当前ask价格=6992.9
20180401 08:43:36止损/止盈处理.....
....requesting url:https://api.bitfinex.com/v2/ticker/tBTCUSD
当前仓位为空仓，仓位均价=7042.5707188030865,当前ask价格=7000
20180401 08:50:36止损/止盈处理.....
....requesting url:https://api.bitfinex.com/v2/ticker/tBTCUSD
更新历史数据....
....requesting url:https://api.bitfinex.com/v2/candles/trade:15m:tBTCUSD/hist?end=1522543836000.0&limit=1&sort=-1&start=1522542600000
当前仓位为空仓，仓位均价=7042.5707188030865,当前ask价格=6978.6
20180401 08:50:43计算最新趋势....
计算信号....
持仓不变....
20180401 08:57:36止损/止盈处理.....
....requesting url:https://api.bitfinex.com/v2/ticker/tBTCUSD
当前仓位为空仓，仓位均价=7042.5707188030865,当前ask价格=6989.8
20180401 09:04:36止损/止盈处理.....
....requesting url:https://api.bitfinex.com/v2/ticker/tBTCUSD
当前仓位为空仓，仓位均价=7042.5707188030865,当前ask价格=6984.9
更新历史数据....
....requesting url:https://api.bitfinex.com/v2/candles/trade:15m:tBTCUSD/hist?end=1522544736000.0&limit=1&sort=-1&start=1522543500000
20180401 09:05:43计算最新趋势....
计算信号....
持仓不变....
20180401 09:11:36止损/止盈处理.....
....requesting url:https://api.bitfinex.com/v2/ticker/tBTCUSD
当前仓位为空仓，仓位均价=7042.5707188030865,当前ask价格=7000
20180401 09:18:36止损/止盈处理.....
....requesting url:https://api.bitfinex.com/v2/ticker/tBTCUSD
当前仓位为空仓，仓位均价=7042.5707188030865,当前ask价格=6998.1
更新历史数据....
....requesting url:https://api.bitfinex.com/v2/candles/trade:15m:tBTCUSD/hist?end=1522545636000.0&limit=1&sort=-1&start=1522544400000
20180401 09:20:43计算最新趋势....
计算信号....
持仓不变....
20180401 09:25:36止损/止盈处理.....
....requesting url:https://api.bitfinex.com/v2/ticker/tBTCUSD
当前仓位为空仓，仓位均价=7042.5707188030865,当前ask价格=7009.9
20180401 09:32:36止损/止盈处理.....
....requesting url:https://api.bitfinex.com/v2/ticker/tBTCUSD
当前仓位为空仓，仓位均价=7042.5707188030865,当前ask价格=7012.8
更新历史数据....
....requesting url:https://api.bitfinex.com/v2/candles/trade:15m:tBTCUSD/hist?end=1522546536000.0&limit=1&sort=-1&start=1522545300000
20180401 09:35:43计算最新趋势....
计算信号....
持仓不变....
20180401 09:39:36止损/止盈处理.....
....requesting url:https://api.bitfinex.com/v2/ticker/tBTCUSD
当前仓位为空仓，仓位均价=7042.5707188030865,当前ask价格=7021.7
20180401 09:46:36止损/止盈处理.....
....requesting url:https://api.bitfinex.com/v2/ticker/tBTCUSD
当前仓位为空仓，仓位均价=7042.5707188030865,当前ask价格=7028.3
更新历史数据....
....requesting url:https://api.bitfinex.com/v2/candles/trade:15m:tBTCUSD/hist?end=1522547436000.0&limit=1&sort=-1&start=1522546200000
20180401 09:50:43计算最新趋势....
计算信号....
持仓不变....
20180401 09:53:36止损/止盈处理.....
....requesting url:https://api.bitfinex.com/v2/ticker/tBTCUSD
当前仓位为空仓，仓位均价=7042.5707188030865,当前ask价格=7013
20180401 10:00:36止损/止盈处理.....
....requesting url:https://api.bitfinex.com/v2/ticker/tBTCUSD
当前仓位为空仓，仓位均价=7042.5707188030865,当前ask价格=6993.5
更新历史数据....
....requesting url:https://api.bitfinex.com/v2/candles/trade:15m:tBTCUSD/hist?end=1522548336000.0&limit=1&sort=-1&start=1522547100000
20180401 10:05:43计算最新趋势....
计算信号....
持仓不变....
20180401 10:07:36止损/止盈处理.....
....requesting url:https://api.bitfinex.com/v2/ticker/tBTCUSD
当前仓位为空仓，仓位均价=7042.5707188030865,当前ask价格=6987
20180401 10:14:36止损/止盈处理.....
....requesting url:https://api.bitfinex.com/v2/ticker/tBTCUSD
当前仓位为空仓，仓位均价=7042.5707188030865,当前ask价格=7008.2
更新历史数据....
....requesting url:https://api.bitfinex.com/v2/candles/trade:15m:tBTCUSD/hist?end=1522549236000.0&limit=1&sort=-1&start=1522548000000
20180401 10:20:43计算最新趋势....
计算信号....
持仓不变....
20180401 10:21:36止损/止盈处理.....
....requesting url:https://api.bitfinex.com/v2/ticker/tBTCUSD
当前仓位为空仓，仓位均价=7042.5707188030865,当前ask价格=6997.1
20180401 10:28:36止损/止盈处理.....
....requesting url:https://api.bitfinex.com/v2/ticker/tBTCUSD
当前仓位为空仓，仓位均价=7042.5707188030865,当前ask价格=6980
20180401 10:35:36止损/止盈处理.....
更新历史数据....
....requesting url:https://api.bitfinex.com/v2/ticker/tBTCUSD
....requesting url:https://api.bitfinex.com/v2/candles/trade:15m:tBTCUSD/hist?end=1522550136000.0&limit=1&sort=-1&start=1522548900000
当前仓位为空仓，仓位均价=7042.5707188030865,当前ask价格=6969.9
20180401 10:35:43计算最新趋势....
计算信号....
持仓不变....
20180401 10:42:36止损/止盈处理.....
....requesting url:https://api.bitfinex.com/v2/ticker/tBTCUSD
当前仓位为空仓，仓位均价=7042.5707188030865,当前ask价格=6910.4
20180401 10:49:36止损/止盈处理.....
....requesting url:https://api.bitfinex.com/v2/ticker/tBTCUSD
当前仓位为空仓，仓位均价=7042.5707188030865,当前ask价格=6921.9
更新历史数据....
....requesting url:https://api.bitfinex.com/v2/candles/trade:15m:tBTCUSD/hist?end=1522551036000.0&limit=1&sort=-1&start=1522549800000
20180401 10:50:43计算最新趋势....
计算信号....
持仓不变....
20180401 10:56:36止损/止盈处理.....
....requesting url:https://api.bitfinex.com/v2/ticker/tBTCUSD
当前仓位为空仓，仓位均价=7042.5707188030865,当前ask价格=6922.1
20180401 11:03:36止损/止盈处理.....
....requesting url:https://api.bitfinex.com/v2/ticker/tBTCUSD
当前仓位为空仓，仓位均价=7042.5707188030865,当前ask价格=6930
更新历史数据....
....requesting url:https://api.bitfinex.com/v2/candles/trade:15m:tBTCUSD/hist?end=1522551936000.0&limit=1&sort=-1&start=1522550700000
20180401 11:05:43计算最新趋势....
计算信号....
持仓不变....
20180401 11:10:36止损/止盈处理.....
....requesting url:https://api.bitfinex.com/v2/ticker/tBTCUSD
当前仓位为空仓，仓位均价=7042.5707188030865,当前ask价格=6935.4
20180401 11:17:36止损/止盈处理.....
....requesting url:https://api.bitfinex.com/v2/ticker/tBTCUSD
当前仓位为空仓，仓位均价=7042.5707188030865,当前ask价格=6907.9
更新历史数据....
....requesting url:https://api.bitfinex.com/v2/candles/trade:15m:tBTCUSD/hist?end=1522552836000.0&limit=1&sort=-1&start=1522551600000
20180401 11:20:43计算最新趋势....
计算信号....
当前信号clear进行交易操作.....
....requesting url:https://api.bitfinex.com/v2/ticker/tBTCUSD
执行交易订单：
{'price': 6917.7, 'volume': -1.6163826172373748, 'position': -3.2327652344747495, 'time': datetime.datetime(2018, 3, 31, 23, 20, 44, 7853), 'note': 'clear', 'side': 'buy'}
持仓不变....
20180401 11:24:36止损/止盈处理.....
....requesting url:https://api.bitfinex.com/v2/ticker/tBTCUSD
当前仓位为空仓，仓位均价=6980.135359401543,当前ask价格=6931.2
20180401 11:31:36止损/止盈处理.....
....requesting url:https://api.bitfinex.com/v2/ticker/tBTCUSD
当前仓位为空仓，仓位均价=6980.135359401543,当前ask价格=6940.5
更新历史数据....
....requesting url:https://api.bitfinex.com/v2/candles/trade:15m:tBTCUSD/hist?end=1522553736000.0&limit=1&sort=-1&start=1522552500000
20180401 11:35:43计算最新趋势....
计算信号....
持仓不变....
20180401 11:38:36止损/止盈处理.....
....requesting url:https://api.bitfinex.com/v2/ticker/tBTCUSD
当前仓位为空仓，仓位均价=6980.135359401543,当前ask价格=6945.3
20180401 11:45:36止损/止盈处理.....
....requesting url:https://api.bitfinex.com/v2/ticker/tBTCUSD
当前仓位为空仓，仓位均价=6980.135359401543,当前ask价格=6934.1
更新历史数据....
....requesting url:https://api.bitfinex.com/v2/candles/trade:15m:tBTCUSD/hist?end=1522554636000.0&limit=1&sort=-1&start=1522553400000
20180401 11:50:44计算最新趋势....
计算信号....
持仓不变....
20180401 11:52:36止损/止盈处理.....
....requesting url:https://api.bitfinex.com/v2/ticker/tBTCUSD
当前仓位为空仓，仓位均价=6980.135359401543,当前ask价格=6943
20180401 11:59:36止损/止盈处理.....
....requesting url:https://api.bitfinex.com/v2/ticker/tBTCUSD
当前仓位为空仓，仓位均价=6980.135359401543,当前ask价格=6920
更新历史数据....
....requesting url:https://api.bitfinex.com/v2/candles/trade:15m:tBTCUSD/hist?end=1522555536000.0&limit=1&sort=-1&start=1522554300000
20180401 12:05:43计算最新趋势....
计算信号....
持仓不变....
20180401 12:06:36止损/止盈处理.....
....requesting url:https://api.bitfinex.com/v2/ticker/tBTCUSD
当前仓位为空仓，仓位均价=6980.135359401543,当前ask价格=6927.6
20180401 12:13:36止损/止盈处理.....
....requesting url:https://api.bitfinex.com/v2/ticker/tBTCUSD
当前仓位为空仓，仓位均价=6980.135359401543,当前ask价格=6944.8
20180401 12:20:36止损/止盈处理.....
更新历史数据....
....requesting url:https://api.bitfinex.com/v2/ticker/tBTCUSD
....requesting url:https://api.bitfinex.com/v2/candles/trade:15m:tBTCUSD/hist?end=1522556436000.0&limit=1&sort=-1&start=1522555200000
当前仓位为空仓，仓位均价=6980.135359401543,当前ask价格=6961.8
20180401 12:20:43计算最新趋势....
计算信号....
持仓不变....
20180401 12:27:36止损/止盈处理.....
....requesting url:https://api.bitfinex.com/v2/ticker/tBTCUSD
当前仓位为空仓，仓位均价=6980.135359401543,当前ask价格=6952.3
20180401 12:34:36止损/止盈处理.....
....requesting url:https://api.bitfinex.com/v2/ticker/tBTCUSD
当前仓位为空仓，仓位均价=6980.135359401543,当前ask价格=6949.6
更新历史数据....
....requesting url:https://api.bitfinex.com/v2/candles/trade:15m:tBTCUSD/hist?end=1522557336000.0&limit=1&sort=-1&start=1522556100000
20180401 12:35:43计算最新趋势....
计算信号....
持仓不变....
20180401 12:41:36止损/止盈处理.....
....requesting url:https://api.bitfinex.com/v2/ticker/tBTCUSD
当前仓位为空仓，仓位均价=6980.135359401543,当前ask价格=6953
20180401 12:48:36止损/止盈处理.....
....requesting url:https://api.bitfinex.com/v2/ticker/tBTCUSD
当前仓位为空仓，仓位均价=6980.135359401543,当前ask价格=6945.1
更新历史数据....
....requesting url:https://api.bitfinex.com/v2/candles/trade:15m:tBTCUSD/hist?end=1522558236000.0&limit=1&sort=-1&start=1522557000000
20180401 12:50:43计算最新趋势....
计算信号....
持仓不变....
20180401 12:55:36止损/止盈处理.....
....requesting url:https://api.bitfinex.com/v2/ticker/tBTCUSD
当前仓位为空仓，仓位均价=6980.135359401543,当前ask价格=6937.7
20180401 13:02:36止损/止盈处理.....
....requesting url:https://api.bitfinex.com/v2/ticker/tBTCUSD
当前仓位为空仓，仓位均价=6980.135359401543,当前ask价格=6947.3
更新历史数据....
....requesting url:https://api.bitfinex.com/v2/candles/trade:15m:tBTCUSD/hist?end=1522559136000.0&limit=1&sort=-1&start=1522557900000
20180401 13:05:43计算最新趋势....
计算信号....
持仓不变....
20180401 13:09:36止损/止盈处理.....
....requesting url:https://api.bitfinex.com/v2/ticker/tBTCUSD
当前仓位为空仓，仓位均价=6980.135359401543,当前ask价格=6936.2
20180401 13:16:36止损/止盈处理.....
....requesting url:https://api.bitfinex.com/v2/ticker/tBTCUSD
当前仓位为空仓，仓位均价=6980.135359401543,当前ask价格=6960
更新历史数据....
....requesting url:https://api.bitfinex.com/v2/candles/trade:15m:tBTCUSD/hist?end=1522560036000.0&limit=1&sort=-1&start=1522558800000
20180401 13:20:43计算最新趋势....
计算信号....
持仓不变....
20180401 13:23:36止损/止盈处理.....
....requesting url:https://api.bitfinex.com/v2/ticker/tBTCUSD
当前仓位为空仓，仓位均价=6980.135359401543,当前ask价格=6938.5
20180401 13:30:36止损/止盈处理.....
....requesting url:https://api.bitfinex.com/v2/ticker/tBTCUSD
当前仓位为空仓，仓位均价=6980.135359401543,当前ask价格=6948.1
更新历史数据....
....requesting url:https://api.bitfinex.com/v2/candles/trade:15m:tBTCUSD/hist?end=1522560936000.0&limit=1&sort=-1&start=1522559700000
20180401 13:35:43计算最新趋势....
计算信号....
持仓不变....
20180401 13:37:36止损/止盈处理.....
....requesting url:https://api.bitfinex.com/v2/ticker/tBTCUSD
当前仓位为空仓，仓位均价=6980.135359401543,当前ask价格=6926.1
20180401 13:44:36止损/止盈处理.....
....requesting url:https://api.bitfinex.com/v2/ticker/tBTCUSD
当前仓位为空仓，仓位均价=6980.135359401543,当前ask价格=6921.2
更新历史数据....
....requesting url:https://api.bitfinex.com/v2/candles/trade:15m:tBTCUSD/hist?end=1522561836000.0&limit=1&sort=-1&start=1522560600000
20180401 13:50:43计算最新趋势....
计算信号....
持仓不变....
20180401 13:51:36止损/止盈处理.....
....requesting url:https://api.bitfinex.com/v2/ticker/tBTCUSD
当前仓位为空仓，仓位均价=6980.135359401543,当前ask价格=6925.1
20180401 13:58:36止损/止盈处理.....
....requesting url:https://api.bitfinex.com/v2/ticker/tBTCUSD
当前仓位为空仓，仓位均价=6980.135359401543,当前ask价格=6928.7
20180401 14:05:36止损/止盈处理.....
....requesting url:https://api.bitfinex.com/v2/ticker/tBTCUSD
更新历史数据....
....requesting url:https://api.bitfinex.com/v2/candles/trade:15m:tBTCUSD/hist?end=1522562736000.0&limit=1&sort=-1&start=1522561500000
当前仓位为空仓，仓位均价=6980.135359401543,当前ask价格=6864
20180401 14:05:43计算最新趋势....
计算信号....
当前信号sell进行交易操作.....
....requesting url:https://api.bitfinex.com/v2/ticker/tBTCUSD
执行交易订单：
{'price': 6861, 'volume': 0.014575134819997084, 'position': -3.2473403692947467, 'time': datetime.datetime(2018, 4, 1, 2, 5, 43, 551531), 'note': None, 'side': 'sell'}
持仓不变....
20180401 14:12:36止损/止盈处理.....
....requesting url:https://api.bitfinex.com/v2/ticker/tBTCUSD
当前仓位为空仓，仓位均价=6979.600640607811,当前ask价格=6868.9
20180401 14:19:36止损/止盈处理.....
....requesting url:https://api.bitfinex.com/v2/ticker/tBTCUSD
当前仓位为空仓，仓位均价=6979.600640607811,当前ask价格=6874.1
更新历史数据....
....requesting url:https://api.bitfinex.com/v2/candles/trade:15m:tBTCUSD/hist?end=1522563636000.0&limit=1&sort=-1&start=1522562400000
20180401 14:20:43计算最新趋势....
计算信号....
持仓不变....
20180401 14:26:36止损/止盈处理.....
....requesting url:https://api.bitfinex.com/v2/ticker/tBTCUSD
当前仓位为空仓，仓位均价=6979.600640607811,当前ask价格=6822.1
